2018-03-12 21:52:20,140  INFO DefaultTestContextBootstrapper:259 - Loaded default TestExecutionListener class names from location [META-INF/spring.factories]: [org.springframework.test.context.web.ServletTestExecutionListener, org.springframework.test.context.support.DirtiesContextBeforeModesTestExecutionListener, org.springframework.test.context.support.DependencyInjectionTestExecutionListener, org.springframework.test.context.support.DirtiesContextTestExecutionListener, org.springframework.test.context.transaction.TransactionalTestExecutionListener, org.springframework.test.context.jdbc.SqlScriptsTestExecutionListener]
2018-03-12 21:52:20,157  INFO DefaultTestContextBootstrapper:185 - Using TestExecutionListeners: [org.springframework.test.context.web.ServletTestExecutionListener@11c537f, org.springframework.test.context.support.DirtiesContextBeforeModesTestExecutionListener@adcae8, org.springframework.test.context.support.DependencyInjectionTestExecutionListener@1e4605c, org.springframework.test.context.support.DirtiesContextTestExecutionListener@727896, org.springframework.test.context.transaction.TransactionalTestExecutionListener@14ace71, org.springframework.test.context.jdbc.SqlScriptsTestExecutionListener@376cc3]
2018-03-12 21:52:20,481  INFO XmlBeanDefinitionReader:317 - Loading XML bean definitions from class path resource [applicationContext.xml]
2018-03-12 21:52:20,748  INFO GenericApplicationContext:578 - Refreshing org.springframework.context.support.GenericApplicationContext@2a5a5e: startup date [Mon Mar 12 21:52:20 CST 2018]; root of context hierarchy
2018-03-12 21:52:20,819  INFO AutowiredAnnotationBeanPostProcessor:153 - JSR-330 'javax.inject.Inject' annotation found and supported for autowiring
2018-03-12 21:52:20,882  INFO MLog:80 - MLog clients using log4j logging.
2018-03-12 21:52:21,028  INFO C3P0Registry:204 - Initializing c3p0-0.9.1.2 [built 21-May-2007 15:04:56; debug? true; trace: 10]
2018-03-12 21:52:21,146  INFO LocalContainerEntityManagerFactoryBean:339 - Building JPA container EntityManagerFactory for persistence unit 'default'
2018-03-12 21:52:21,147  WARN HibernatePersistence:41 - HHH015016: Encountered a deprecated javax.persistence.spi.PersistenceProvider [org.hibernate.ejb.HibernatePersistence]; use [org.hibernate.jpa.HibernatePersistenceProvider] instead.
2018-03-12 21:52:21,152  INFO LogHelper:31 - HHH000204: Processing PersistenceUnitInfo [
	name: default
	...]
2018-03-12 21:52:21,232  INFO Version:37 - HHH000412: Hibernate Core {5.0.7.Final}
2018-03-12 21:52:21,234  INFO Environment:213 - HHH000206: hibernate.properties not found
2018-03-12 21:52:21,236  INFO Environment:317 - HHH000021: Bytecode provider name : javassist
2018-03-12 21:52:21,282  INFO Version:66 - HCANN000001: Hibernate Commons Annotations {5.0.1.Final}
2018-03-12 21:52:21,416  INFO AbstractPoolBackedDataSource:462 - Initializing c3p0 pool... com.mchange.v2.c3p0.ComboPooledDataSource [ acquireIncrement -> 3, acquireRetryAttempts -> 30, acquireRetryDelay -> 1000, autoCommitOnClose -> false, automaticTestTable -> null, breakAfterAcquireFailure -> false, checkoutTimeout -> 0, connectionCustomizerClassName -> null, connectionTesterClassName -> com.mchange.v2.c3p0.impl.DefaultConnectionTester, dataSourceName -> 31sraa9u7cja241ytw6i3|11ff531, debugUnreturnedConnectionStackTraces -> false, description -> null, driverClass -> oracle.jdbc.driver.OracleDriver, factoryClassLocation -> null, forceIgnoreUnresolvedTransactions -> false, identityToken -> 31sraa9u7cja241ytw6i3|11ff531, idleConnectionTestPeriod -> 0, initialPoolSize -> 3, jdbcUrl -> jdbc:oracle:thin:@192.168.146.145:1521:ORCL, maxAdministrativeTaskTime -> 0, maxConnectionAge -> 0, maxIdleTime -> 0, maxIdleTimeExcessConnections -> 0, maxPoolSize -> 15, maxStatements -> 0, maxStatementsPerConnection -> 0, minPoolSize -> 3, numHelperThreads -> 3, numThreadsAwaitingCheckoutDefaultUser -> 0, preferredTestQuery -> null, properties -> {user=******, password=******}, propertyCycle -> 0, testConnectionOnCheckin -> false, testConnectionOnCheckout -> false, unreturnedConnectionTimeout -> 0, usesTraditionalReflectiveProxies -> false ]
2018-03-12 21:52:21,556  INFO Dialect:156 - HHH000400: Using dialect: org.hibernate.dialect.Oracle10gDialect
2018-03-12 21:52:21,641  INFO LobCreatorBuilderImpl:124 - HHH000424: Disabling contextual LOB creation as createClob() method threw error : java.lang.reflect.InvocationTargetException
2018-03-12 21:52:22,159  INFO SchemaUpdate:105 - HHH000228: Running hbm2ddl schema update
2018-03-12 21:52:28,796  INFO QueryTranslatorFactoryInitiator:47 - HHH000397: Using ASTQueryTranslatorFactory
2018-03-12 21:52:28,913  INFO GenericApplicationContext:960 - Closing org.springframework.context.support.GenericApplicationContext@2a5a5e: startup date [Mon Mar 12 21:52:20 CST 2018]; root of context hierarchy
2018-03-12 21:52:28,914  INFO LocalContainerEntityManagerFactoryBean:462 - Closing JPA EntityManagerFactory for persistence unit 'default'
2018-03-12 21:55:39,076  INFO DefaultTestContextBootstrapper:259 - Loaded default TestExecutionListener class names from location [META-INF/spring.factories]: [org.springframework.test.context.web.ServletTestExecutionListener, org.springframework.test.context.support.DirtiesContextBeforeModesTestExecutionListener, org.springframework.test.context.support.DependencyInjectionTestExecutionListener, org.springframework.test.context.support.DirtiesContextTestExecutionListener, org.springframework.test.context.transaction.TransactionalTestExecutionListener, org.springframework.test.context.jdbc.SqlScriptsTestExecutionListener]
2018-03-12 21:55:39,093  INFO DefaultTestContextBootstrapper:185 - Using TestExecutionListeners: [org.springframework.test.context.web.ServletTestExecutionListener@1621fe6, org.springframework.test.context.support.DirtiesContextBeforeModesTestExecutionListener@11c537f, org.springframework.test.context.support.DependencyInjectionTestExecutionListener@adcae8, org.springframework.test.context.support.DirtiesContextTestExecutionListener@1e4605c, org.springframework.test.context.transaction.TransactionalTestExecutionListener@727896, org.springframework.test.context.jdbc.SqlScriptsTestExecutionListener@14ace71]
2018-03-12 21:55:39,378  INFO XmlBeanDefinitionReader:317 - Loading XML bean definitions from class path resource [applicationContext.xml]
2018-03-12 21:55:39,636  INFO GenericApplicationContext:578 - Refreshing org.springframework.context.support.GenericApplicationContext@185b10b: startup date [Mon Mar 12 21:55:39 CST 2018]; root of context hierarchy
2018-03-12 21:55:39,709  INFO AutowiredAnnotationBeanPostProcessor:153 - JSR-330 'javax.inject.Inject' annotation found and supported for autowiring
2018-03-12 21:55:39,775  INFO MLog:80 - MLog clients using log4j logging.
2018-03-12 21:55:39,939  INFO C3P0Registry:204 - Initializing c3p0-0.9.1.2 [built 21-May-2007 15:04:56; debug? true; trace: 10]
2018-03-12 21:55:40,062  INFO LocalContainerEntityManagerFactoryBean:339 - Building JPA container EntityManagerFactory for persistence unit 'default'
2018-03-12 21:55:40,062  WARN HibernatePersistence:41 - HHH015016: Encountered a deprecated javax.persistence.spi.PersistenceProvider [org.hibernate.ejb.HibernatePersistence]; use [org.hibernate.jpa.HibernatePersistenceProvider] instead.
2018-03-12 21:55:40,069  INFO LogHelper:31 - HHH000204: Processing PersistenceUnitInfo [
	name: default
	...]
2018-03-12 21:55:40,148  INFO Version:37 - HHH000412: Hibernate Core {5.0.7.Final}
2018-03-12 21:55:40,150  INFO Environment:213 - HHH000206: hibernate.properties not found
2018-03-12 21:55:40,151  INFO Environment:317 - HHH000021: Bytecode provider name : javassist
2018-03-12 21:55:40,199  INFO Version:66 - HCANN000001: Hibernate Commons Annotations {5.0.1.Final}
2018-03-12 21:55:40,341  INFO AbstractPoolBackedDataSource:462 - Initializing c3p0 pool... com.mchange.v2.c3p0.ComboPooledDataSource [ acquireIncrement -> 3, acquireRetryAttempts -> 30, acquireRetryDelay -> 1000, autoCommitOnClose -> false, automaticTestTable -> null, breakAfterAcquireFailure -> false, checkoutTimeout -> 0, connectionCustomizerClassName -> null, connectionTesterClassName -> com.mchange.v2.c3p0.impl.DefaultConnectionTester, dataSourceName -> 31sraa9u7cnjixoqp7j4|1219df4, debugUnreturnedConnectionStackTraces -> false, description -> null, driverClass -> oracle.jdbc.driver.OracleDriver, factoryClassLocation -> null, forceIgnoreUnresolvedTransactions -> false, identityToken -> 31sraa9u7cnjixoqp7j4|1219df4, idleConnectionTestPeriod -> 0, initialPoolSize -> 3, jdbcUrl -> jdbc:oracle:thin:@192.168.146.145:1521:ORCL, maxAdministrativeTaskTime -> 0, maxConnectionAge -> 0, maxIdleTime -> 0, maxIdleTimeExcessConnections -> 0, maxPoolSize -> 15, maxStatements -> 0, maxStatementsPerConnection -> 0, minPoolSize -> 3, numHelperThreads -> 3, numThreadsAwaitingCheckoutDefaultUser -> 0, preferredTestQuery -> null, properties -> {user=******, password=******}, propertyCycle -> 0, testConnectionOnCheckin -> false, testConnectionOnCheckout -> false, unreturnedConnectionTimeout -> 0, usesTraditionalReflectiveProxies -> false ]
2018-03-12 21:55:40,482  INFO Dialect:156 - HHH000400: Using dialect: org.hibernate.dialect.Oracle10gDialect
2018-03-12 21:55:40,566  INFO LobCreatorBuilderImpl:124 - HHH000424: Disabling contextual LOB creation as createClob() method threw error : java.lang.reflect.InvocationTargetException
2018-03-12 21:55:41,090  INFO SchemaUpdate:105 - HHH000228: Running hbm2ddl schema update
2018-03-12 21:55:44,393  INFO QueryTranslatorFactoryInitiator:47 - HHH000397: Using ASTQueryTranslatorFactory
2018-03-12 21:55:44,496  INFO GenericApplicationContext:960 - Closing org.springframework.context.support.GenericApplicationContext@185b10b: startup date [Mon Mar 12 21:55:39 CST 2018]; root of context hierarchy
2018-03-12 21:55:44,497  INFO LocalContainerEntityManagerFactoryBean:462 - Closing JPA EntityManagerFactory for persistence unit 'default'
2018-03-12 21:56:32,925  INFO DefaultTestContextBootstrapper:259 - Loaded default TestExecutionListener class names from location [META-INF/spring.factories]: [org.springframework.test.context.web.ServletTestExecutionListener, org.springframework.test.context.support.DirtiesContextBeforeModesTestExecutionListener, org.springframework.test.context.support.DependencyInjectionTestExecutionListener, org.springframework.test.context.support.DirtiesContextTestExecutionListener, org.springframework.test.context.transaction.TransactionalTestExecutionListener, org.springframework.test.context.jdbc.SqlScriptsTestExecutionListener]
2018-03-12 21:56:32,945  INFO DefaultTestContextBootstrapper:185 - Using TestExecutionListeners: [org.springframework.test.context.web.ServletTestExecutionListener@ff8e3a, org.springframework.test.context.support.DirtiesContextBeforeModesTestExecutionListener@1d290b5, org.springframework.test.context.support.DependencyInjectionTestExecutionListener@11a82fd, org.springframework.test.context.support.DirtiesContextTestExecutionListener@18dce5b, org.springframework.test.context.transaction.TransactionalTestExecutionListener@e6de16, org.springframework.test.context.jdbc.SqlScriptsTestExecutionListener@feb66a]
2018-03-12 21:56:33,280  INFO XmlBeanDefinitionReader:317 - Loading XML bean definitions from class path resource [applicationContext.xml]
2018-03-12 21:56:33,571  INFO GenericApplicationContext:578 - Refreshing org.springframework.context.support.GenericApplicationContext@19c6035: startup date [Mon Mar 12 21:56:33 CST 2018]; root of context hierarchy
2018-03-12 21:56:33,657  INFO AutowiredAnnotationBeanPostProcessor:153 - JSR-330 'javax.inject.Inject' annotation found and supported for autowiring
2018-03-12 21:56:33,737  INFO MLog:80 - MLog clients using log4j logging.
2018-03-12 21:56:33,892  INFO C3P0Registry:204 - Initializing c3p0-0.9.1.2 [built 21-May-2007 15:04:56; debug? true; trace: 10]
2018-03-12 21:56:34,048  INFO LocalContainerEntityManagerFactoryBean:339 - Building JPA container EntityManagerFactory for persistence unit 'default'
2018-03-12 21:56:34,048  WARN HibernatePersistence:41 - HHH015016: Encountered a deprecated javax.persistence.spi.PersistenceProvider [org.hibernate.ejb.HibernatePersistence]; use [org.hibernate.jpa.HibernatePersistenceProvider] instead.
2018-03-12 21:56:34,055  INFO LogHelper:31 - HHH000204: Processing PersistenceUnitInfo [
	name: default
	...]
2018-03-12 21:56:34,161  INFO Version:37 - HHH000412: Hibernate Core {5.0.7.Final}
2018-03-12 21:56:34,163  INFO Environment:213 - HHH000206: hibernate.properties not found
2018-03-12 21:56:34,164  INFO Environment:317 - HHH000021: Bytecode provider name : javassist
2018-03-12 21:56:34,227  INFO Version:66 - HCANN000001: Hibernate Commons Annotations {5.0.1.Final}
2018-03-12 21:56:34,412  INFO AbstractPoolBackedDataSource:462 - Initializing c3p0 pool... com.mchange.v2.c3p0.ComboPooledDataSource [ acquireIncrement -> 3, acquireRetryAttempts -> 30, acquireRetryDelay -> 1000, autoCommitOnClose -> false, automaticTestTable -> null, breakAfterAcquireFailure -> false, checkoutTimeout -> 0, connectionCustomizerClassName -> null, connectionTesterClassName -> com.mchange.v2.c3p0.impl.DefaultConnectionTester, dataSourceName -> 31sraa9u7cop5x54nja|c83a47, debugUnreturnedConnectionStackTraces -> false, description -> null, driverClass -> oracle.jdbc.driver.OracleDriver, factoryClassLocation -> null, forceIgnoreUnresolvedTransactions -> false, identityToken -> 31sraa9u7cop5x54nja|c83a47, idleConnectionTestPeriod -> 0, initialPoolSize -> 3, jdbcUrl -> jdbc:oracle:thin:@192.168.146.145:1521:ORCL, maxAdministrativeTaskTime -> 0, maxConnectionAge -> 0, maxIdleTime -> 0, maxIdleTimeExcessConnections -> 0, maxPoolSize -> 15, maxStatements -> 0, maxStatementsPerConnection -> 0, minPoolSize -> 3, numHelperThreads -> 3, numThreadsAwaitingCheckoutDefaultUser -> 0, preferredTestQuery -> null, properties -> {user=******, password=******}, propertyCycle -> 0, testConnectionOnCheckin -> false, testConnectionOnCheckout -> false, unreturnedConnectionTimeout -> 0, usesTraditionalReflectiveProxies -> false ]
2018-03-12 21:56:34,630  INFO Dialect:156 - HHH000400: Using dialect: org.hibernate.dialect.Oracle10gDialect
2018-03-12 21:56:34,728  INFO LobCreatorBuilderImpl:124 - HHH000424: Disabling contextual LOB creation as createClob() method threw error : java.lang.reflect.InvocationTargetException
2018-03-12 21:56:35,383  INFO SchemaUpdate:105 - HHH000228: Running hbm2ddl schema update
2018-03-12 21:57:05,595  INFO QueryTranslatorFactoryInitiator:47 - HHH000397: Using ASTQueryTranslatorFactory
2018-03-12 22:11:24,427  INFO DefaultTestContextBootstrapper:259 - Loaded default TestExecutionListener class names from location [META-INF/spring.factories]: [org.springframework.test.context.web.ServletTestExecutionListener, org.springframework.test.context.support.DirtiesContextBeforeModesTestExecutionListener, org.springframework.test.context.support.DependencyInjectionTestExecutionListener, org.springframework.test.context.support.DirtiesContextTestExecutionListener, org.springframework.test.context.transaction.TransactionalTestExecutionListener, org.springframework.test.context.jdbc.SqlScriptsTestExecutionListener]
2018-03-12 22:11:24,444  INFO DefaultTestContextBootstrapper:185 - Using TestExecutionListeners: [org.springframework.test.context.web.ServletTestExecutionListener@727896, org.springframework.test.context.support.DirtiesContextBeforeModesTestExecutionListener@14ace71, org.springframework.test.context.support.DependencyInjectionTestExecutionListener@376cc3, org.springframework.test.context.support.DirtiesContextTestExecutionListener@c5aba9, org.springframework.test.context.transaction.TransactionalTestExecutionListener@188ebd2, org.springframework.test.context.jdbc.SqlScriptsTestExecutionListener@3252d6]
2018-03-12 22:11:24,723  INFO XmlBeanDefinitionReader:317 - Loading XML bean definitions from class path resource [applicationContext.xml]
2018-03-12 22:11:24,985  INFO GenericApplicationContext:578 - Refreshing org.springframework.context.support.GenericApplicationContext@628e42: startup date [Mon Mar 12 22:11:24 CST 2018]; root of context hierarchy
2018-03-12 22:11:25,058  INFO AutowiredAnnotationBeanPostProcessor:153 - JSR-330 'javax.inject.Inject' annotation found and supported for autowiring
2018-03-12 22:11:25,123  INFO MLog:80 - MLog clients using log4j logging.
2018-03-12 22:11:25,272  INFO C3P0Registry:204 - Initializing c3p0-0.9.1.2 [built 21-May-2007 15:04:56; debug? true; trace: 10]
2018-03-12 22:11:25,394  INFO LocalContainerEntityManagerFactoryBean:339 - Building JPA container EntityManagerFactory for persistence unit 'default'
2018-03-12 22:11:25,395  WARN HibernatePersistence:41 - HHH015016: Encountered a deprecated javax.persistence.spi.PersistenceProvider [org.hibernate.ejb.HibernatePersistence]; use [org.hibernate.jpa.HibernatePersistenceProvider] instead.
2018-03-12 22:11:25,400  INFO LogHelper:31 - HHH000204: Processing PersistenceUnitInfo [
	name: default
	...]
2018-03-12 22:11:25,481  INFO Version:37 - HHH000412: Hibernate Core {5.0.7.Final}
2018-03-12 22:11:25,483  INFO Environment:213 - HHH000206: hibernate.properties not found
2018-03-12 22:11:25,484  INFO Environment:317 - HHH000021: Bytecode provider name : javassist
2018-03-12 22:11:25,531  INFO Version:66 - HCANN000001: Hibernate Commons Annotations {5.0.1.Final}
2018-03-12 22:11:25,671  INFO AbstractPoolBackedDataSource:462 - Initializing c3p0 pool... com.mchange.v2.c3p0.ComboPooledDataSource [ acquireIncrement -> 3, acquireRetryAttempts -> 30, acquireRetryDelay -> 1000, autoCommitOnClose -> false, automaticTestTable -> null, breakAfterAcquireFailure -> false, checkoutTimeout -> 0, connectionCustomizerClassName -> null, connectionTesterClassName -> com.mchange.v2.c3p0.impl.DefaultConnectionTester, dataSourceName -> 31sraa9u7d7symnbf46z|53580c, debugUnreturnedConnectionStackTraces -> false, description -> null, driverClass -> oracle.jdbc.driver.OracleDriver, factoryClassLocation -> null, forceIgnoreUnresolvedTransactions -> false, identityToken -> 31sraa9u7d7symnbf46z|53580c, idleConnectionTestPeriod -> 0, initialPoolSize -> 3, jdbcUrl -> jdbc:oracle:thin:@192.168.146.145:1521:ORCL, maxAdministrativeTaskTime -> 0, maxConnectionAge -> 0, maxIdleTime -> 0, maxIdleTimeExcessConnections -> 0, maxPoolSize -> 15, maxStatements -> 0, maxStatementsPerConnection -> 0, minPoolSize -> 3, numHelperThreads -> 3, numThreadsAwaitingCheckoutDefaultUser -> 0, preferredTestQuery -> null, properties -> {user=******, password=******}, propertyCycle -> 0, testConnectionOnCheckin -> false, testConnectionOnCheckout -> false, unreturnedConnectionTimeout -> 0, usesTraditionalReflectiveProxies -> false ]
2018-03-12 22:11:25,811  INFO Dialect:156 - HHH000400: Using dialect: org.hibernate.dialect.Oracle10gDialect
2018-03-12 22:11:25,896  INFO LobCreatorBuilderImpl:124 - HHH000424: Disabling contextual LOB creation as createClob() method threw error : java.lang.reflect.InvocationTargetException
2018-03-12 22:11:26,411  INFO SchemaUpdate:105 - HHH000228: Running hbm2ddl schema update
2018-03-12 22:11:29,888  INFO GenericApplicationContext:960 - Closing org.springframework.context.support.GenericApplicationContext@628e42: startup date [Mon Mar 12 22:11:24 CST 2018]; root of context hierarchy
2018-03-12 22:11:29,889  INFO LocalContainerEntityManagerFactoryBean:462 - Closing JPA EntityManagerFactory for persistence unit 'default'
2018-03-12 22:16:26,893  INFO DefaultTestContextBootstrapper:259 - Loaded default TestExecutionListener class names from location [META-INF/spring.factories]: [org.springframework.test.context.web.ServletTestExecutionListener, org.springframework.test.context.support.DirtiesContextBeforeModesTestExecutionListener, org.springframework.test.context.support.DependencyInjectionTestExecutionListener, org.springframework.test.context.support.DirtiesContextTestExecutionListener, org.springframework.test.context.transaction.TransactionalTestExecutionListener, org.springframework.test.context.jdbc.SqlScriptsTestExecutionListener]
2018-03-12 22:16:26,909  INFO DefaultTestContextBootstrapper:185 - Using TestExecutionListeners: [org.springframework.test.context.web.ServletTestExecutionListener@14ace71, org.springframework.test.context.support.DirtiesContextBeforeModesTestExecutionListener@376cc3, org.springframework.test.context.support.DependencyInjectionTestExecutionListener@c5aba9, org.springframework.test.context.support.DirtiesContextTestExecutionListener@188ebd2, org.springframework.test.context.transaction.TransactionalTestExecutionListener@3252d6, org.springframework.test.context.jdbc.SqlScriptsTestExecutionListener@1dc818d]
2018-03-12 22:16:27,188  INFO XmlBeanDefinitionReader:317 - Loading XML bean definitions from class path resource [applicationContext.xml]
2018-03-12 22:16:27,443  INFO GenericApplicationContext:578 - Refreshing org.springframework.context.support.GenericApplicationContext@69cfe0: startup date [Mon Mar 12 22:16:27 CST 2018]; root of context hierarchy
2018-03-12 22:16:27,513  INFO AutowiredAnnotationBeanPostProcessor:153 - JSR-330 'javax.inject.Inject' annotation found and supported for autowiring
2018-03-12 22:16:27,578  INFO MLog:80 - MLog clients using log4j logging.
2018-03-12 22:16:27,726  INFO C3P0Registry:204 - Initializing c3p0-0.9.1.2 [built 21-May-2007 15:04:56; debug? true; trace: 10]
2018-03-12 22:16:27,847  INFO LocalContainerEntityManagerFactoryBean:339 - Building JPA container EntityManagerFactory for persistence unit 'default'
2018-03-12 22:16:27,847  WARN HibernatePersistence:41 - HHH015016: Encountered a deprecated javax.persistence.spi.PersistenceProvider [org.hibernate.ejb.HibernatePersistence]; use [org.hibernate.jpa.HibernatePersistenceProvider] instead.
2018-03-12 22:16:27,854  INFO LogHelper:31 - HHH000204: Processing PersistenceUnitInfo [
	name: default
	...]
2018-03-12 22:16:27,934  INFO Version:37 - HHH000412: Hibernate Core {5.0.7.Final}
2018-03-12 22:16:27,936  INFO Environment:213 - HHH000206: hibernate.properties not found
2018-03-12 22:16:27,938  INFO Environment:317 - HHH000021: Bytecode provider name : javassist
2018-03-12 22:16:27,986  INFO Version:66 - HCANN000001: Hibernate Commons Annotations {5.0.1.Final}
2018-03-12 22:16:28,127  INFO AbstractPoolBackedDataSource:462 - Initializing c3p0 pool... com.mchange.v2.c3p0.ComboPooledDataSource [ acquireIncrement -> 3, acquireRetryAttempts -> 30, acquireRetryDelay -> 1000, autoCommitOnClose -> false, automaticTestTable -> null, breakAfterAcquireFailure -> false, checkoutTimeout -> 0, connectionCustomizerClassName -> null, connectionTesterClassName -> com.mchange.v2.c3p0.impl.DefaultConnectionTester, dataSourceName -> 31sraa9u7deac51018jxl|1b9b677, debugUnreturnedConnectionStackTraces -> false, description -> null, driverClass -> oracle.jdbc.driver.OracleDriver, factoryClassLocation -> null, forceIgnoreUnresolvedTransactions -> false, identityToken -> 31sraa9u7deac51018jxl|1b9b677, idleConnectionTestPeriod -> 0, initialPoolSize -> 3, jdbcUrl -> jdbc:oracle:thin:@192.168.146.145:1521:ORCL, maxAdministrativeTaskTime -> 0, maxConnectionAge -> 0, maxIdleTime -> 0, maxIdleTimeExcessConnections -> 0, maxPoolSize -> 15, maxStatements -> 0, maxStatementsPerConnection -> 0, minPoolSize -> 3, numHelperThreads -> 3, numThreadsAwaitingCheckoutDefaultUser -> 0, preferredTestQuery -> null, properties -> {user=******, password=******}, propertyCycle -> 0, testConnectionOnCheckin -> false, testConnectionOnCheckout -> false, unreturnedConnectionTimeout -> 0, usesTraditionalReflectiveProxies -> false ]
2018-03-12 22:16:28,272  INFO Dialect:156 - HHH000400: Using dialect: org.hibernate.dialect.Oracle10gDialect
2018-03-12 22:16:28,355  INFO LobCreatorBuilderImpl:124 - HHH000424: Disabling contextual LOB creation as createClob() method threw error : java.lang.reflect.InvocationTargetException
2018-03-12 22:16:28,890  INFO SchemaUpdate:105 - HHH000228: Running hbm2ddl schema update
2018-03-12 22:16:32,307  INFO GenericApplicationContext:960 - Closing org.springframework.context.support.GenericApplicationContext@69cfe0: startup date [Mon Mar 12 22:16:27 CST 2018]; root of context hierarchy
2018-03-12 22:16:32,307  INFO LocalContainerEntityManagerFactoryBean:462 - Closing JPA EntityManagerFactory for persistence unit 'default'
2018-03-12 22:20:51,290  INFO DefaultTestContextBootstrapper:259 - Loaded default TestExecutionListener class names from location [META-INF/spring.factories]: [org.springframework.test.context.web.ServletTestExecutionListener, org.springframework.test.context.support.DirtiesContextBeforeModesTestExecutionListener, org.springframework.test.context.support.DependencyInjectionTestExecutionListener, org.springframework.test.context.support.DirtiesContextTestExecutionListener, org.springframework.test.context.transaction.TransactionalTestExecutionListener, org.springframework.test.context.jdbc.SqlScriptsTestExecutionListener]
2018-03-12 22:20:51,306  INFO DefaultTestContextBootstrapper:185 - Using TestExecutionListeners: [org.springframework.test.context.web.ServletTestExecutionListener@c5aba9, org.springframework.test.context.support.DirtiesContextBeforeModesTestExecutionListener@188ebd2, org.springframework.test.context.support.DependencyInjectionTestExecutionListener@3252d6, org.springframework.test.context.support.DirtiesContextTestExecutionListener@1dc818d, org.springframework.test.context.transaction.TransactionalTestExecutionListener@1bd8c6e, org.springframework.test.context.jdbc.SqlScriptsTestExecutionListener@14ebadd]
2018-03-12 22:20:51,587  INFO XmlBeanDefinitionReader:317 - Loading XML bean definitions from class path resource [applicationContext.xml]
2018-03-12 22:20:51,851  INFO GenericApplicationContext:578 - Refreshing org.springframework.context.support.GenericApplicationContext@1cc3436: startup date [Mon Mar 12 22:20:51 CST 2018]; root of context hierarchy
2018-03-12 22:20:51,925  INFO AutowiredAnnotationBeanPostProcessor:153 - JSR-330 'javax.inject.Inject' annotation found and supported for autowiring
2018-03-12 22:20:51,992  INFO MLog:80 - MLog clients using log4j logging.
2018-03-12 22:20:52,153  INFO C3P0Registry:204 - Initializing c3p0-0.9.1.2 [built 21-May-2007 15:04:56; debug? true; trace: 10]
2018-03-12 22:20:52,272  INFO LocalContainerEntityManagerFactoryBean:339 - Building JPA container EntityManagerFactory for persistence unit 'default'
2018-03-12 22:20:52,273  WARN HibernatePersistence:41 - HHH015016: Encountered a deprecated javax.persistence.spi.PersistenceProvider [org.hibernate.ejb.HibernatePersistence]; use [org.hibernate.jpa.HibernatePersistenceProvider] instead.
2018-03-12 22:20:52,279  INFO LogHelper:31 - HHH000204: Processing PersistenceUnitInfo [
	name: default
	...]
2018-03-12 22:20:52,360  INFO Version:37 - HHH000412: Hibernate Core {5.0.7.Final}
2018-03-12 22:20:52,362  INFO Environment:213 - HHH000206: hibernate.properties not found
2018-03-12 22:20:52,363  INFO Environment:317 - HHH000021: Bytecode provider name : javassist
2018-03-12 22:20:52,410  INFO Version:66 - HCANN000001: Hibernate Commons Annotations {5.0.1.Final}
2018-03-12 22:20:52,547  INFO AbstractPoolBackedDataSource:462 - Initializing c3p0 pool... com.mchange.v2.c3p0.ComboPooledDataSource [ acquireIncrement -> 3, acquireRetryAttempts -> 30, acquireRetryDelay -> 1000, autoCommitOnClose -> false, automaticTestTable -> null, breakAfterAcquireFailure -> false, checkoutTimeout -> 0, connectionCustomizerClassName -> null, connectionTesterClassName -> com.mchange.v2.c3p0.impl.DefaultConnectionTester, dataSourceName -> 31sraa9u7djycy1of818r|177f8ad, debugUnreturnedConnectionStackTraces -> false, description -> null, driverClass -> oracle.jdbc.driver.OracleDriver, factoryClassLocation -> null, forceIgnoreUnresolvedTransactions -> false, identityToken -> 31sraa9u7djycy1of818r|177f8ad, idleConnectionTestPeriod -> 0, initialPoolSize -> 3, jdbcUrl -> jdbc:oracle:thin:@192.168.146.145:1521:ORCL, maxAdministrativeTaskTime -> 0, maxConnectionAge -> 0, maxIdleTime -> 0, maxIdleTimeExcessConnections -> 0, maxPoolSize -> 15, maxStatements -> 0, maxStatementsPerConnection -> 0, minPoolSize -> 3, numHelperThreads -> 3, numThreadsAwaitingCheckoutDefaultUser -> 0, preferredTestQuery -> null, properties -> {user=******, password=******}, propertyCycle -> 0, testConnectionOnCheckin -> false, testConnectionOnCheckout -> false, unreturnedConnectionTimeout -> 0, usesTraditionalReflectiveProxies -> false ]
2018-03-12 22:20:52,711  INFO Dialect:156 - HHH000400: Using dialect: org.hibernate.dialect.Oracle10gDialect
2018-03-12 22:20:52,795  INFO LobCreatorBuilderImpl:124 - HHH000424: Disabling contextual LOB creation as createClob() method threw error : java.lang.reflect.InvocationTargetException
2018-03-12 22:20:53,314  INFO SchemaUpdate:105 - HHH000228: Running hbm2ddl schema update
2018-03-12 22:20:54,535  INFO GenericApplicationContext:960 - Closing org.springframework.context.support.GenericApplicationContext@1cc3436: startup date [Mon Mar 12 22:20:51 CST 2018]; root of context hierarchy
2018-03-12 22:20:54,536  INFO LocalContainerEntityManagerFactoryBean:462 - Closing JPA EntityManagerFactory for persistence unit 'default'
2018-03-12 22:22:18,474  INFO DefaultTestContextBootstrapper:259 - Loaded default TestExecutionListener class names from location [META-INF/spring.factories]: [org.springframework.test.context.web.ServletTestExecutionListener, org.springframework.test.context.support.DirtiesContextBeforeModesTestExecutionListener, org.springframework.test.context.support.DependencyInjectionTestExecutionListener, org.springframework.test.context.support.DirtiesContextTestExecutionListener, org.springframework.test.context.transaction.TransactionalTestExecutionListener, org.springframework.test.context.jdbc.SqlScriptsTestExecutionListener]
2018-03-12 22:22:18,490  INFO DefaultTestContextBootstrapper:185 - Using TestExecutionListeners: [org.springframework.test.context.web.ServletTestExecutionListener@188ebd2, org.springframework.test.context.support.DirtiesContextBeforeModesTestExecutionListener@3252d6, org.springframework.test.context.support.DependencyInjectionTestExecutionListener@1dc818d, org.springframework.test.context.support.DirtiesContextTestExecutionListener@1bd8c6e, org.springframework.test.context.transaction.TransactionalTestExecutionListener@14ebadd, org.springframework.test.context.jdbc.SqlScriptsTestExecutionListener@1ce0e18]
2018-03-12 22:22:18,769  INFO XmlBeanDefinitionReader:317 - Loading XML bean definitions from class path resource [applicationContext.xml]
2018-03-12 22:22:19,026  INFO GenericApplicationContext:578 - Refreshing org.springframework.context.support.GenericApplicationContext@177daaa: startup date [Mon Mar 12 22:22:19 CST 2018]; root of context hierarchy
2018-03-12 22:22:19,098  INFO AutowiredAnnotationBeanPostProcessor:153 - JSR-330 'javax.inject.Inject' annotation found and supported for autowiring
2018-03-12 22:22:19,165  INFO MLog:80 - MLog clients using log4j logging.
2018-03-12 22:22:19,320  INFO C3P0Registry:204 - Initializing c3p0-0.9.1.2 [built 21-May-2007 15:04:56; debug? true; trace: 10]
2018-03-12 22:22:19,442  INFO LocalContainerEntityManagerFactoryBean:339 - Building JPA container EntityManagerFactory for persistence unit 'default'
2018-03-12 22:22:19,443  WARN HibernatePersistence:41 - HHH015016: Encountered a deprecated javax.persistence.spi.PersistenceProvider [org.hibernate.ejb.HibernatePersistence]; use [org.hibernate.jpa.HibernatePersistenceProvider] instead.
2018-03-12 22:22:19,449  INFO LogHelper:31 - HHH000204: Processing PersistenceUnitInfo [
	name: default
	...]
2018-03-12 22:22:19,530  INFO Version:37 - HHH000412: Hibernate Core {5.0.7.Final}
2018-03-12 22:22:19,532  INFO Environment:213 - HHH000206: hibernate.properties not found
2018-03-12 22:22:19,533  INFO Environment:317 - HHH000021: Bytecode provider name : javassist
2018-03-12 22:22:19,578  INFO Version:66 - HCANN000001: Hibernate Commons Annotations {5.0.1.Final}
2018-03-12 22:22:19,719  INFO AbstractPoolBackedDataSource:462 - Initializing c3p0 pool... com.mchange.v2.c3p0.ComboPooledDataSource [ acquireIncrement -> 3, acquireRetryAttempts -> 30, acquireRetryDelay -> 1000, autoCommitOnClose -> false, automaticTestTable -> null, breakAfterAcquireFailure -> false, checkoutTimeout -> 0, connectionCustomizerClassName -> null, connectionTesterClassName -> com.mchange.v2.c3p0.impl.DefaultConnectionTester, dataSourceName -> 31sraa9u7dltmg113hkjx|1675bf3, debugUnreturnedConnectionStackTraces -> false, description -> null, driverClass -> oracle.jdbc.driver.OracleDriver, factoryClassLocation -> null, forceIgnoreUnresolvedTransactions -> false, identityToken -> 31sraa9u7dltmg113hkjx|1675bf3, idleConnectionTestPeriod -> 0, initialPoolSize -> 3, jdbcUrl -> jdbc:oracle:thin:@192.168.146.145:1521:ORCL, maxAdministrativeTaskTime -> 0, maxConnectionAge -> 0, maxIdleTime -> 0, maxIdleTimeExcessConnections -> 0, maxPoolSize -> 15, maxStatements -> 0, maxStatementsPerConnection -> 0, minPoolSize -> 3, numHelperThreads -> 3, numThreadsAwaitingCheckoutDefaultUser -> 0, preferredTestQuery -> null, properties -> {user=******, password=******}, propertyCycle -> 0, testConnectionOnCheckin -> false, testConnectionOnCheckout -> false, unreturnedConnectionTimeout -> 0, usesTraditionalReflectiveProxies -> false ]
2018-03-12 22:22:19,882  INFO Dialect:156 - HHH000400: Using dialect: org.hibernate.dialect.Oracle10gDialect
2018-03-12 22:22:19,965  INFO LobCreatorBuilderImpl:124 - HHH000424: Disabling contextual LOB creation as createClob() method threw error : java.lang.reflect.InvocationTargetException
2018-03-12 22:22:20,490  INFO SchemaUpdate:105 - HHH000228: Running hbm2ddl schema update
2018-03-12 22:22:21,696  INFO QueryTranslatorFactoryInitiator:47 - HHH000397: Using ASTQueryTranslatorFactory
2018-03-12 22:22:21,812  INFO GenericApplicationContext:960 - Closing org.springframework.context.support.GenericApplicationContext@177daaa: startup date [Mon Mar 12 22:22:19 CST 2018]; root of context hierarchy
2018-03-12 22:22:21,813  INFO LocalContainerEntityManagerFactoryBean:462 - Closing JPA EntityManagerFactory for persistence unit 'default'
2018-03-12 22:22:34,291  INFO DefaultTestContextBootstrapper:259 - Loaded default TestExecutionListener class names from location [META-INF/spring.factories]: [org.springframework.test.context.web.ServletTestExecutionListener, org.springframework.test.context.support.DirtiesContextBeforeModesTestExecutionListener, org.springframework.test.context.support.DependencyInjectionTestExecutionListener, org.springframework.test.context.support.DirtiesContextTestExecutionListener, org.springframework.test.context.transaction.TransactionalTestExecutionListener, org.springframework.test.context.jdbc.SqlScriptsTestExecutionListener]
2018-03-12 22:22:34,307  INFO DefaultTestContextBootstrapper:185 - Using TestExecutionListeners: [org.springframework.test.context.web.ServletTestExecutionListener@188ebd2, org.springframework.test.context.support.DirtiesContextBeforeModesTestExecutionListener@3252d6, org.springframework.test.context.support.DependencyInjectionTestExecutionListener@1dc818d, org.springframework.test.context.support.DirtiesContextTestExecutionListener@1bd8c6e, org.springframework.test.context.transaction.TransactionalTestExecutionListener@14ebadd, org.springframework.test.context.jdbc.SqlScriptsTestExecutionListener@1ce0e18]
2018-03-12 22:22:34,583  INFO XmlBeanDefinitionReader:317 - Loading XML bean definitions from class path resource [applicationContext.xml]
2018-03-12 22:22:34,839  INFO GenericApplicationContext:578 - Refreshing org.springframework.context.support.GenericApplicationContext@177daaa: startup date [Mon Mar 12 22:22:34 CST 2018]; root of context hierarchy
2018-03-12 22:22:34,913  INFO AutowiredAnnotationBeanPostProcessor:153 - JSR-330 'javax.inject.Inject' annotation found and supported for autowiring
2018-03-12 22:22:34,979  INFO MLog:80 - MLog clients using log4j logging.
2018-03-12 22:22:35,128  INFO C3P0Registry:204 - Initializing c3p0-0.9.1.2 [built 21-May-2007 15:04:56; debug? true; trace: 10]
2018-03-12 22:22:35,249  INFO LocalContainerEntityManagerFactoryBean:339 - Building JPA container EntityManagerFactory for persistence unit 'default'
2018-03-12 22:22:35,250  WARN HibernatePersistence:41 - HHH015016: Encountered a deprecated javax.persistence.spi.PersistenceProvider [org.hibernate.ejb.HibernatePersistence]; use [org.hibernate.jpa.HibernatePersistenceProvider] instead.
2018-03-12 22:22:35,256  INFO LogHelper:31 - HHH000204: Processing PersistenceUnitInfo [
	name: default
	...]
2018-03-12 22:22:35,339  INFO Version:37 - HHH000412: Hibernate Core {5.0.7.Final}
2018-03-12 22:22:35,340  INFO Environment:213 - HHH000206: hibernate.properties not found
2018-03-12 22:22:35,342  INFO Environment:317 - HHH000021: Bytecode provider name : javassist
2018-03-12 22:22:35,390  INFO Version:66 - HCANN000001: Hibernate Commons Annotations {5.0.1.Final}
2018-03-12 22:22:35,533  INFO AbstractPoolBackedDataSource:462 - Initializing c3p0 pool... com.mchange.v2.c3p0.ComboPooledDataSource [ acquireIncrement -> 3, acquireRetryAttempts -> 30, acquireRetryDelay -> 1000, autoCommitOnClose -> false, automaticTestTable -> null, breakAfterAcquireFailure -> false, checkoutTimeout -> 0, connectionCustomizerClassName -> null, connectionTesterClassName -> com.mchange.v2.c3p0.impl.DefaultConnectionTester, dataSourceName -> 31sraa9u7dm5trndedze|1675bf3, debugUnreturnedConnectionStackTraces -> false, description -> null, driverClass -> oracle.jdbc.driver.OracleDriver, factoryClassLocation -> null, forceIgnoreUnresolvedTransactions -> false, identityToken -> 31sraa9u7dm5trndedze|1675bf3, idleConnectionTestPeriod -> 0, initialPoolSize -> 3, jdbcUrl -> jdbc:oracle:thin:@192.168.146.145:1521:ORCL, maxAdministrativeTaskTime -> 0, maxConnectionAge -> 0, maxIdleTime -> 0, maxIdleTimeExcessConnections -> 0, maxPoolSize -> 15, maxStatements -> 0, maxStatementsPerConnection -> 0, minPoolSize -> 3, numHelperThreads -> 3, numThreadsAwaitingCheckoutDefaultUser -> 0, preferredTestQuery -> null, properties -> {user=******, password=******}, propertyCycle -> 0, testConnectionOnCheckin -> false, testConnectionOnCheckout -> false, unreturnedConnectionTimeout -> 0, usesTraditionalReflectiveProxies -> false ]
2018-03-12 22:22:35,702  INFO Dialect:156 - HHH000400: Using dialect: org.hibernate.dialect.Oracle10gDialect
2018-03-12 22:22:35,787  INFO LobCreatorBuilderImpl:124 - HHH000424: Disabling contextual LOB creation as createClob() method threw error : java.lang.reflect.InvocationTargetException
2018-03-12 22:22:36,315  INFO SchemaUpdate:105 - HHH000228: Running hbm2ddl schema update
2018-03-12 22:22:37,522  INFO GenericApplicationContext:960 - Closing org.springframework.context.support.GenericApplicationContext@177daaa: startup date [Mon Mar 12 22:22:34 CST 2018]; root of context hierarchy
2018-03-12 22:22:37,523  INFO LocalContainerEntityManagerFactoryBean:462 - Closing JPA EntityManagerFactory for persistence unit 'default'
2018-03-12 22:26:47,567  INFO DefaultTestContextBootstrapper:259 - Loaded default TestExecutionListener class names from location [META-INF/spring.factories]: [org.springframework.test.context.web.ServletTestExecutionListener, org.springframework.test.context.support.DirtiesContextBeforeModesTestExecutionListener, org.springframework.test.context.support.DependencyInjectionTestExecutionListener, org.springframework.test.context.support.DirtiesContextTestExecutionListener, org.springframework.test.context.transaction.TransactionalTestExecutionListener, org.springframework.test.context.jdbc.SqlScriptsTestExecutionListener]
2018-03-12 22:26:47,584  INFO DefaultTestContextBootstrapper:185 - Using TestExecutionListeners: [org.springframework.test.context.web.ServletTestExecutionListener@1dc818d, org.springframework.test.context.support.DirtiesContextBeforeModesTestExecutionListener@1bd8c6e, org.springframework.test.context.support.DependencyInjectionTestExecutionListener@14ebadd, org.springframework.test.context.support.DirtiesContextTestExecutionListener@1ce0e18, org.springframework.test.context.transaction.TransactionalTestExecutionListener@ff7cd8, org.springframework.test.context.jdbc.SqlScriptsTestExecutionListener@15d80cf]
2018-03-12 22:26:47,870  INFO XmlBeanDefinitionReader:317 - Loading XML bean definitions from class path resource [applicationContext.xml]
2018-03-12 22:26:48,129  INFO GenericApplicationContext:578 - Refreshing org.springframework.context.support.GenericApplicationContext@15bab52: startup date [Mon Mar 12 22:26:48 CST 2018]; root of context hierarchy
2018-03-12 22:26:48,201  INFO AutowiredAnnotationBeanPostProcessor:153 - JSR-330 'javax.inject.Inject' annotation found and supported for autowiring
2018-03-12 22:26:48,266  INFO MLog:80 - MLog clients using log4j logging.
2018-03-12 22:26:48,413  INFO C3P0Registry:204 - Initializing c3p0-0.9.1.2 [built 21-May-2007 15:04:56; debug? true; trace: 10]
2018-03-12 22:26:48,534  INFO LocalContainerEntityManagerFactoryBean:339 - Building JPA container EntityManagerFactory for persistence unit 'default'
2018-03-12 22:26:48,535  WARN HibernatePersistence:41 - HHH015016: Encountered a deprecated javax.persistence.spi.PersistenceProvider [org.hibernate.ejb.HibernatePersistence]; use [org.hibernate.jpa.HibernatePersistenceProvider] instead.
2018-03-12 22:26:48,541  INFO LogHelper:31 - HHH000204: Processing PersistenceUnitInfo [
	name: default
	...]
2018-03-12 22:26:48,622  INFO Version:37 - HHH000412: Hibernate Core {5.0.7.Final}
2018-03-12 22:26:48,624  INFO Environment:213 - HHH000206: hibernate.properties not found
2018-03-12 22:26:48,625  INFO Environment:317 - HHH000021: Bytecode provider name : javassist
2018-03-12 22:26:48,674  INFO Version:66 - HCANN000001: Hibernate Commons Annotations {5.0.1.Final}
2018-03-12 22:26:48,813  INFO AbstractPoolBackedDataSource:462 - Initializing c3p0 pool... com.mchange.v2.c3p0.ComboPooledDataSource [ acquireIncrement -> 3, acquireRetryAttempts -> 30, acquireRetryDelay -> 1000, autoCommitOnClose -> false, automaticTestTable -> null, breakAfterAcquireFailure -> false, checkoutTimeout -> 0, connectionCustomizerClassName -> null, connectionTesterClassName -> com.mchange.v2.c3p0.impl.DefaultConnectionTester, dataSourceName -> 31sraa9u7drl9g47fg7u|772bc, debugUnreturnedConnectionStackTraces -> false, description -> null, driverClass -> oracle.jdbc.driver.OracleDriver, factoryClassLocation -> null, forceIgnoreUnresolvedTransactions -> false, identityToken -> 31sraa9u7drl9g47fg7u|772bc, idleConnectionTestPeriod -> 0, initialPoolSize -> 3, jdbcUrl -> jdbc:oracle:thin:@192.168.146.145:1521:ORCL, maxAdministrativeTaskTime -> 0, maxConnectionAge -> 0, maxIdleTime -> 0, maxIdleTimeExcessConnections -> 0, maxPoolSize -> 15, maxStatements -> 0, maxStatementsPerConnection -> 0, minPoolSize -> 3, numHelperThreads -> 3, numThreadsAwaitingCheckoutDefaultUser -> 0, preferredTestQuery -> null, properties -> {user=******, password=******}, propertyCycle -> 0, testConnectionOnCheckin -> false, testConnectionOnCheckout -> false, unreturnedConnectionTimeout -> 0, usesTraditionalReflectiveProxies -> false ]
2018-03-12 22:26:48,957  INFO Dialect:156 - HHH000400: Using dialect: org.hibernate.dialect.Oracle10gDialect
2018-03-12 22:26:49,042  INFO LobCreatorBuilderImpl:124 - HHH000424: Disabling contextual LOB creation as createClob() method threw error : java.lang.reflect.InvocationTargetException
2018-03-12 22:26:49,561  INFO SchemaUpdate:105 - HHH000228: Running hbm2ddl schema update
2018-03-12 22:26:52,962  INFO QueryTranslatorFactoryInitiator:47 - HHH000397: Using ASTQueryTranslatorFactory
2018-03-12 22:26:53,093  INFO GenericApplicationContext:960 - Closing org.springframework.context.support.GenericApplicationContext@15bab52: startup date [Mon Mar 12 22:26:48 CST 2018]; root of context hierarchy
2018-03-12 22:26:53,094  INFO LocalContainerEntityManagerFactoryBean:462 - Closing JPA EntityManagerFactory for persistence unit 'default'
2018-03-12 22:27:27,870  INFO DefaultTestContextBootstrapper:259 - Loaded default TestExecutionListener class names from location [META-INF/spring.factories]: [org.springframework.test.context.web.ServletTestExecutionListener, org.springframework.test.context.support.DirtiesContextBeforeModesTestExecutionListener, org.springframework.test.context.support.DependencyInjectionTestExecutionListener, org.springframework.test.context.support.DirtiesContextTestExecutionListener, org.springframework.test.context.transaction.TransactionalTestExecutionListener, org.springframework.test.context.jdbc.SqlScriptsTestExecutionListener]
2018-03-12 22:27:27,887  INFO DefaultTestContextBootstrapper:185 - Using TestExecutionListeners: [org.springframework.test.context.web.ServletTestExecutionListener@1bd8c6e, org.springframework.test.context.support.DirtiesContextBeforeModesTestExecutionListener@14ebadd, org.springframework.test.context.support.DependencyInjectionTestExecutionListener@1ce0e18, org.springframework.test.context.support.DirtiesContextTestExecutionListener@ff7cd8, org.springframework.test.context.transaction.TransactionalTestExecutionListener@15d80cf, org.springframework.test.context.jdbc.SqlScriptsTestExecutionListener@1b3d448]
2018-03-12 22:27:28,165  INFO XmlBeanDefinitionReader:317 - Loading XML bean definitions from class path resource [applicationContext.xml]
2018-03-12 22:27:28,422  INFO GenericApplicationContext:578 - Refreshing org.springframework.context.support.GenericApplicationContext@14cbf3f: startup date [Mon Mar 12 22:27:28 CST 2018]; root of context hierarchy
2018-03-12 22:27:28,495  INFO AutowiredAnnotationBeanPostProcessor:153 - JSR-330 'javax.inject.Inject' annotation found and supported for autowiring
2018-03-12 22:27:28,559  INFO MLog:80 - MLog clients using log4j logging.
2018-03-12 22:27:28,713  INFO C3P0Registry:204 - Initializing c3p0-0.9.1.2 [built 21-May-2007 15:04:56; debug? true; trace: 10]
2018-03-12 22:27:28,833  INFO LocalContainerEntityManagerFactoryBean:339 - Building JPA container EntityManagerFactory for persistence unit 'default'
2018-03-12 22:27:28,833  WARN HibernatePersistence:41 - HHH015016: Encountered a deprecated javax.persistence.spi.PersistenceProvider [org.hibernate.ejb.HibernatePersistence]; use [org.hibernate.jpa.HibernatePersistenceProvider] instead.
2018-03-12 22:27:28,839  INFO LogHelper:31 - HHH000204: Processing PersistenceUnitInfo [
	name: default
	...]
2018-03-12 22:27:28,920  INFO Version:37 - HHH000412: Hibernate Core {5.0.7.Final}
2018-03-12 22:27:28,922  INFO Environment:213 - HHH000206: hibernate.properties not found
2018-03-12 22:27:28,923  INFO Environment:317 - HHH000021: Bytecode provider name : javassist
2018-03-12 22:27:28,970  INFO Version:66 - HCANN000001: Hibernate Commons Annotations {5.0.1.Final}
2018-03-12 22:27:29,110  INFO AbstractPoolBackedDataSource:462 - Initializing c3p0 pool... com.mchange.v2.c3p0.ComboPooledDataSource [ acquireIncrement -> 3, acquireRetryAttempts -> 30, acquireRetryDelay -> 1000, autoCommitOnClose -> false, automaticTestTable -> null, breakAfterAcquireFailure -> false, checkoutTimeout -> 0, connectionCustomizerClassName -> null, connectionTesterClassName -> com.mchange.v2.c3p0.impl.DefaultConnectionTester, dataSourceName -> 31sraa9u7dsgcp10lp3g2|a37d72, debugUnreturnedConnectionStackTraces -> false, description -> null, driverClass -> oracle.jdbc.driver.OracleDriver, factoryClassLocation -> null, forceIgnoreUnresolvedTransactions -> false, identityToken -> 31sraa9u7dsgcp10lp3g2|a37d72, idleConnectionTestPeriod -> 0, initialPoolSize -> 3, jdbcUrl -> jdbc:oracle:thin:@192.168.146.145:1521:ORCL, maxAdministrativeTaskTime -> 0, maxConnectionAge -> 0, maxIdleTime -> 0, maxIdleTimeExcessConnections -> 0, maxPoolSize -> 15, maxStatements -> 0, maxStatementsPerConnection -> 0, minPoolSize -> 3, numHelperThreads -> 3, numThreadsAwaitingCheckoutDefaultUser -> 0, preferredTestQuery -> null, properties -> {user=******, password=******}, propertyCycle -> 0, testConnectionOnCheckin -> false, testConnectionOnCheckout -> false, unreturnedConnectionTimeout -> 0, usesTraditionalReflectiveProxies -> false ]
2018-03-12 22:27:29,273  INFO Dialect:156 - HHH000400: Using dialect: org.hibernate.dialect.Oracle10gDialect
2018-03-12 22:27:29,353  INFO LobCreatorBuilderImpl:124 - HHH000424: Disabling contextual LOB creation as createClob() method threw error : java.lang.reflect.InvocationTargetException
2018-03-12 22:27:29,873  INFO SchemaUpdate:105 - HHH000228: Running hbm2ddl schema update
2018-03-12 22:27:31,062  INFO QueryTranslatorFactoryInitiator:47 - HHH000397: Using ASTQueryTranslatorFactory
2018-03-12 22:27:31,195  INFO GenericApplicationContext:960 - Closing org.springframework.context.support.GenericApplicationContext@14cbf3f: startup date [Mon Mar 12 22:27:28 CST 2018]; root of context hierarchy
2018-03-12 22:27:31,196  INFO LocalContainerEntityManagerFactoryBean:462 - Closing JPA EntityManagerFactory for persistence unit 'default'
2018-03-12 22:28:53,712  INFO DefaultTestContextBootstrapper:259 - Loaded default TestExecutionListener class names from location [META-INF/spring.factories]: [org.springframework.test.context.web.ServletTestExecutionListener, org.springframework.test.context.support.DirtiesContextBeforeModesTestExecutionListener, org.springframework.test.context.support.DependencyInjectionTestExecutionListener, org.springframework.test.context.support.DirtiesContextTestExecutionListener, org.springframework.test.context.transaction.TransactionalTestExecutionListener, org.springframework.test.context.jdbc.SqlScriptsTestExecutionListener]
2018-03-12 22:28:53,728  INFO DefaultTestContextBootstrapper:185 - Using TestExecutionListeners: [org.springframework.test.context.web.ServletTestExecutionListener@1ce0e18, org.springframework.test.context.support.DirtiesContextBeforeModesTestExecutionListener@ff7cd8, org.springframework.test.context.support.DependencyInjectionTestExecutionListener@15d80cf, org.springframework.test.context.support.DirtiesContextTestExecutionListener@1b3d448, org.springframework.test.context.transaction.TransactionalTestExecutionListener@135f92f, org.springframework.test.context.jdbc.SqlScriptsTestExecutionListener@7a8ba4]
2018-03-12 22:28:54,004  INFO XmlBeanDefinitionReader:317 - Loading XML bean definitions from class path resource [applicationContext.xml]
2018-03-12 22:28:54,260  INFO GenericApplicationContext:578 - Refreshing org.springframework.context.support.GenericApplicationContext@69ae9f: startup date [Mon Mar 12 22:28:54 CST 2018]; root of context hierarchy
2018-03-12 22:28:54,331  INFO AutowiredAnnotationBeanPostProcessor:153 - JSR-330 'javax.inject.Inject' annotation found and supported for autowiring
2018-03-12 22:28:54,395  INFO MLog:80 - MLog clients using log4j logging.
2018-03-12 22:28:54,547  INFO C3P0Registry:204 - Initializing c3p0-0.9.1.2 [built 21-May-2007 15:04:56; debug? true; trace: 10]
2018-03-12 22:28:54,668  INFO LocalContainerEntityManagerFactoryBean:339 - Building JPA container EntityManagerFactory for persistence unit 'default'
2018-03-12 22:28:54,668  WARN HibernatePersistence:41 - HHH015016: Encountered a deprecated javax.persistence.spi.PersistenceProvider [org.hibernate.ejb.HibernatePersistence]; use [org.hibernate.jpa.HibernatePersistenceProvider] instead.
2018-03-12 22:28:54,674  INFO LogHelper:31 - HHH000204: Processing PersistenceUnitInfo [
	name: default
	...]
2018-03-12 22:28:54,755  INFO Version:37 - HHH000412: Hibernate Core {5.0.7.Final}
2018-03-12 22:28:54,756  INFO Environment:213 - HHH000206: hibernate.properties not found
2018-03-12 22:28:54,758  INFO Environment:317 - HHH000021: Bytecode provider name : javassist
2018-03-12 22:28:54,804  INFO Version:66 - HCANN000001: Hibernate Commons Annotations {5.0.1.Final}
2018-03-12 22:28:54,943  INFO AbstractPoolBackedDataSource:462 - Initializing c3p0 pool... com.mchange.v2.c3p0.ComboPooledDataSource [ acquireIncrement -> 3, acquireRetryAttempts -> 30, acquireRetryDelay -> 1000, autoCommitOnClose -> false, automaticTestTable -> null, breakAfterAcquireFailure -> false, checkoutTimeout -> 0, connectionCustomizerClassName -> null, connectionTesterClassName -> com.mchange.v2.c3p0.impl.DefaultConnectionTester, dataSourceName -> 31sraa9u7dual1qb78ib|e9d40f, debugUnreturnedConnectionStackTraces -> false, description -> null, driverClass -> oracle.jdbc.driver.OracleDriver, factoryClassLocation -> null, forceIgnoreUnresolvedTransactions -> false, identityToken -> 31sraa9u7dual1qb78ib|e9d40f, idleConnectionTestPeriod -> 0, initialPoolSize -> 3, jdbcUrl -> jdbc:oracle:thin:@192.168.146.145:1521:ORCL, maxAdministrativeTaskTime -> 0, maxConnectionAge -> 0, maxIdleTime -> 0, maxIdleTimeExcessConnections -> 0, maxPoolSize -> 15, maxStatements -> 0, maxStatementsPerConnection -> 0, minPoolSize -> 3, numHelperThreads -> 3, numThreadsAwaitingCheckoutDefaultUser -> 0, preferredTestQuery -> null, properties -> {user=******, password=******}, propertyCycle -> 0, testConnectionOnCheckin -> false, testConnectionOnCheckout -> false, unreturnedConnectionTimeout -> 0, usesTraditionalReflectiveProxies -> false ]
2018-03-12 22:28:55,106  INFO Dialect:156 - HHH000400: Using dialect: org.hibernate.dialect.Oracle10gDialect
2018-03-12 22:28:55,188  INFO LobCreatorBuilderImpl:124 - HHH000424: Disabling contextual LOB creation as createClob() method threw error : java.lang.reflect.InvocationTargetException
2018-03-12 22:28:55,708  INFO SchemaUpdate:105 - HHH000228: Running hbm2ddl schema update
2018-03-12 22:28:56,888  INFO QueryTranslatorFactoryInitiator:47 - HHH000397: Using ASTQueryTranslatorFactory
2018-03-12 22:28:57,020  INFO GenericApplicationContext:960 - Closing org.springframework.context.support.GenericApplicationContext@69ae9f: startup date [Mon Mar 12 22:28:54 CST 2018]; root of context hierarchy
2018-03-12 22:28:57,021  INFO LocalContainerEntityManagerFactoryBean:462 - Closing JPA EntityManagerFactory for persistence unit 'default'
2018-03-13 12:34:58,264  INFO DefaultTestContextBootstrapper:259 - Loaded default TestExecutionListener class names from location [META-INF/spring.factories]: [org.springframework.test.context.web.ServletTestExecutionListener, org.springframework.test.context.support.DirtiesContextBeforeModesTestExecutionListener, org.springframework.test.context.support.DependencyInjectionTestExecutionListener, org.springframework.test.context.support.DirtiesContextTestExecutionListener, org.springframework.test.context.transaction.TransactionalTestExecutionListener, org.springframework.test.context.jdbc.SqlScriptsTestExecutionListener]
2018-03-13 12:34:58,303  INFO DefaultTestContextBootstrapper:185 - Using TestExecutionListeners: [org.springframework.test.context.web.ServletTestExecutionListener@ff7cd8, org.springframework.test.context.support.DirtiesContextBeforeModesTestExecutionListener@15d80cf, org.springframework.test.context.support.DependencyInjectionTestExecutionListener@1b3d448, org.springframework.test.context.support.DirtiesContextTestExecutionListener@135f92f, org.springframework.test.context.transaction.TransactionalTestExecutionListener@7a8ba4, org.springframework.test.context.jdbc.SqlScriptsTestExecutionListener@165de14]
2018-03-13 12:34:58,688  INFO XmlBeanDefinitionReader:317 - Loading XML bean definitions from class path resource [applicationContext.xml]
2018-03-13 12:34:59,030  INFO GenericApplicationContext:578 - Refreshing org.springframework.context.support.GenericApplicationContext@4764a1: startup date [Tue Mar 13 12:34:59 CST 2018]; root of context hierarchy
2018-03-13 12:34:59,103  INFO AutowiredAnnotationBeanPostProcessor:153 - JSR-330 'javax.inject.Inject' annotation found and supported for autowiring
2018-03-13 12:34:59,176  INFO MLog:80 - MLog clients using log4j logging.
2018-03-13 12:34:59,356  INFO C3P0Registry:204 - Initializing c3p0-0.9.1.2 [built 21-May-2007 15:04:56; debug? true; trace: 10]
2018-03-13 12:34:59,540  INFO LocalContainerEntityManagerFactoryBean:339 - Building JPA container EntityManagerFactory for persistence unit 'default'
2018-03-13 12:34:59,541  WARN HibernatePersistence:41 - HHH015016: Encountered a deprecated javax.persistence.spi.PersistenceProvider [org.hibernate.ejb.HibernatePersistence]; use [org.hibernate.jpa.HibernatePersistenceProvider] instead.
2018-03-13 12:34:59,553  INFO LogHelper:31 - HHH000204: Processing PersistenceUnitInfo [
	name: default
	...]
2018-03-13 12:34:59,739  INFO Version:37 - HHH000412: Hibernate Core {5.0.7.Final}
2018-03-13 12:34:59,743  INFO Environment:213 - HHH000206: hibernate.properties not found
2018-03-13 12:34:59,746  INFO Environment:317 - HHH000021: Bytecode provider name : javassist
2018-03-13 12:34:59,851  INFO Version:66 - HCANN000001: Hibernate Commons Annotations {5.0.1.Final}
2018-03-13 12:35:00,087  INFO AbstractPoolBackedDataSource:462 - Initializing c3p0 pool... com.mchange.v2.c3p0.ComboPooledDataSource [ acquireIncrement -> 3, acquireRetryAttempts -> 30, acquireRetryDelay -> 1000, autoCommitOnClose -> false, automaticTestTable -> null, breakAfterAcquireFailure -> false, checkoutTimeout -> 0, connectionCustomizerClassName -> null, connectionTesterClassName -> com.mchange.v2.c3p0.impl.DefaultConnectionTester, dataSourceName -> 1hgetxd9u882cy4grazvn|132ea44, debugUnreturnedConnectionStackTraces -> false, description -> null, driverClass -> oracle.jdbc.driver.OracleDriver, factoryClassLocation -> null, forceIgnoreUnresolvedTransactions -> false, identityToken -> 1hgetxd9u882cy4grazvn|132ea44, idleConnectionTestPeriod -> 0, initialPoolSize -> 3, jdbcUrl -> jdbc:oracle:thin:@192.168.146.145:1521:ORCL, maxAdministrativeTaskTime -> 0, maxConnectionAge -> 0, maxIdleTime -> 0, maxIdleTimeExcessConnections -> 0, maxPoolSize -> 15, maxStatements -> 0, maxStatementsPerConnection -> 0, minPoolSize -> 3, numHelperThreads -> 3, numThreadsAwaitingCheckoutDefaultUser -> 0, preferredTestQuery -> null, properties -> {user=******, password=******}, propertyCycle -> 0, testConnectionOnCheckin -> false, testConnectionOnCheckout -> false, unreturnedConnectionTimeout -> 0, usesTraditionalReflectiveProxies -> false ]
2018-03-13 12:35:00,405  INFO Dialect:156 - HHH000400: Using dialect: org.hibernate.dialect.Oracle10gDialect
2018-03-13 12:35:00,573  INFO LobCreatorBuilderImpl:124 - HHH000424: Disabling contextual LOB creation as createClob() method threw error : java.lang.reflect.InvocationTargetException
2018-03-13 12:35:01,169  INFO SchemaUpdate:105 - HHH000228: Running hbm2ddl schema update
2018-03-13 12:35:10,523  WARN GenericApplicationContext:546 - Exception encountered during context initialization - cancelling refresh attempt: org.springframework.beans.factory.BeanCreationException: Error creating bean with name 'standardRepository': Invocation of init method failed; nested exception is org.springframework.data.mapping.PropertyReferenceException: No property maxWeight123 found for type Standard!
2018-03-13 12:35:10,523  INFO LocalContainerEntityManagerFactoryBean:462 - Closing JPA EntityManagerFactory for persistence unit 'default'
2018-03-13 12:35:10,525 ERROR TestContextManager:231 - Caught exception while allowing TestExecutionListener [org.springframework.test.context.support.DependencyInjectionTestExecutionListener@1b3d448] to prepare test instance [com.imooc.bos.dao.test.StandardRepositoryTest@cf0b4d]
java.lang.IllegalStateException: Failed to load ApplicationContext
	at org.springframework.test.context.cache.DefaultCacheAwareContextLoaderDelegate.loadContext(DefaultCacheAwareContextLoaderDelegate.java:124)
	at org.springframework.test.context.support.DefaultTestContext.getApplicationContext(DefaultTestContext.java:83)
	at org.springframework.test.context.support.DependencyInjectionTestExecutionListener.injectDependencies(DependencyInjectionTestExecutionListener.java:117)
	at org.springframework.test.context.support.DependencyInjectionTestExecutionListener.prepareTestInstance(DependencyInjectionTestExecutionListener.java:83)
	at org.springframework.test.context.TestContextManager.prepareTestInstance(TestContextManager.java:228)
	at org.springframework.test.context.junit4.SpringJUnit4ClassRunner.createTest(SpringJUnit4ClassRunner.java:230)
	at org.springframework.test.context.junit4.SpringJUnit4ClassRunner$1.runReflectiveCall(SpringJUnit4ClassRunner.java:289)
	at org.junit.internal.runners.model.ReflectiveCallable.run(ReflectiveCallable.java:12)
	at org.springframework.test.context.junit4.SpringJUnit4ClassRunner.methodBlock(SpringJUnit4ClassRunner.java:291)
	at org.springframework.test.context.junit4.SpringJUnit4ClassRunner.runChild(SpringJUnit4ClassRunner.java:249)
	at org.springframework.test.context.junit4.SpringJUnit4ClassRunner.runChild(SpringJUnit4ClassRunner.java:89)
	at org.junit.runners.ParentRunner$3.run(ParentRunner.java:238)
	at org.junit.runners.ParentRunner$1.schedule(ParentRunner.java:63)
	at org.junit.runners.ParentRunner.runChildren(ParentRunner.java:236)
	at org.junit.runners.ParentRunner.access$000(ParentRunner.java:53)
	at org.junit.runners.ParentRunner$2.evaluate(ParentRunner.java:229)
	at org.springframework.test.context.junit4.statements.RunBeforeTestClassCallbacks.evaluate(RunBeforeTestClassCallbacks.java:61)
	at org.springframework.test.context.junit4.statements.RunAfterTestClassCallbacks.evaluate(RunAfterTestClassCallbacks.java:70)
	at org.junit.runners.ParentRunner.run(ParentRunner.java:309)
	at org.springframework.test.context.junit4.SpringJUnit4ClassRunner.run(SpringJUnit4ClassRunner.java:193)
	at org.eclipse.jdt.internal.junit4.runner.JUnit4TestReference.run(JUnit4TestReference.java:86)
	at org.eclipse.jdt.internal.junit.runner.TestExecution.run(TestExecution.java:38)
	at org.eclipse.jdt.internal.junit.runner.RemoteTestRunner.runTests(RemoteTestRunner.java:459)
	at org.eclipse.jdt.internal.junit.runner.RemoteTestRunner.runTests(RemoteTestRunner.java:675)
	at org.eclipse.jdt.internal.junit.runner.RemoteTestRunner.run(RemoteTestRunner.java:382)
	at org.eclipse.jdt.internal.junit.runner.RemoteTestRunner.main(RemoteTestRunner.java:192)
Caused by: org.springframework.beans.factory.BeanCreationException: Error creating bean with name 'standardRepository': Invocation of init method failed; nested exception is org.springframework.data.mapping.PropertyReferenceException: No property maxWeight123 found for type Standard!
	at org.springframework.beans.factory.support.AbstractAutowireCapableBeanFactory.initializeBean(AbstractAutowireCapableBeanFactory.java:1578)
	at org.springframework.beans.factory.support.AbstractAutowireCapableBeanFactory.doCreateBean(AbstractAutowireCapableBeanFactory.java:545)
	at org.springframework.beans.factory.support.AbstractAutowireCapableBeanFactory.createBean(AbstractAutowireCapableBeanFactory.java:482)
	at org.springframework.beans.factory.support.AbstractBeanFactory$1.getObject(AbstractBeanFactory.java:306)
	at org.springframework.beans.factory.support.DefaultSingletonBeanRegistry.getSingleton(DefaultSingletonBeanRegistry.java:230)
	at org.springframework.beans.factory.support.AbstractBeanFactory.doGetBean(AbstractBeanFactory.java:302)
	at org.springframework.beans.factory.support.AbstractBeanFactory.getBean(AbstractBeanFactory.java:197)
	at org.springframework.beans.factory.support.DefaultListableBeanFactory.preInstantiateSingletons(DefaultListableBeanFactory.java:753)
	at org.springframework.context.support.AbstractApplicationContext.finishBeanFactoryInitialization(AbstractApplicationContext.java:839)
	at org.springframework.context.support.AbstractApplicationContext.refresh(AbstractApplicationContext.java:538)
	at org.springframework.test.context.support.AbstractGenericContextLoader.loadContext(AbstractGenericContextLoader.java:125)
	at org.springframework.test.context.support.AbstractGenericContextLoader.loadContext(AbstractGenericContextLoader.java:60)
	at org.springframework.test.context.support.AbstractDelegatingSmartContextLoader.delegateLoading(AbstractDelegatingSmartContextLoader.java:109)
	at org.springframework.test.context.support.AbstractDelegatingSmartContextLoader.loadContext(AbstractDelegatingSmartContextLoader.java:261)
	at org.springframework.test.context.cache.DefaultCacheAwareContextLoaderDelegate.loadContextInternal(DefaultCacheAwareContextLoaderDelegate.java:98)
	at org.springframework.test.context.cache.DefaultCacheAwareContextLoaderDelegate.loadContext(DefaultCacheAwareContextLoaderDelegate.java:116)
	... 25 more
Caused by: org.springframework.data.mapping.PropertyReferenceException: No property maxWeight123 found for type Standard!
	at org.springframework.data.mapping.PropertyPath.<init>(PropertyPath.java:77)
	at org.springframework.data.mapping.PropertyPath.create(PropertyPath.java:329)
	at org.springframework.data.mapping.PropertyPath.create(PropertyPath.java:309)
	at org.springframework.data.mapping.PropertyPath.from(PropertyPath.java:272)
	at org.springframework.data.mapping.PropertyPath.from(PropertyPath.java:243)
	at org.springframework.data.repository.query.parser.Part.<init>(Part.java:76)
	at org.springframework.data.repository.query.parser.PartTree$OrPart.<init>(PartTree.java:235)
	at org.springframework.data.repository.query.parser.PartTree$Predicate.buildTree(PartTree.java:373)
	at org.springframework.data.repository.query.parser.PartTree$Predicate.<init>(PartTree.java:353)
	at org.springframework.data.repository.query.parser.PartTree.<init>(PartTree.java:87)
	at org.springframework.data.jpa.repository.query.PartTreeJpaQuery.<init>(PartTreeJpaQuery.java:63)
	at org.springframework.data.jpa.repository.query.JpaQueryLookupStrategy$CreateQueryLookupStrategy.resolveQuery(JpaQueryLookupStrategy.java:103)
	at org.springframework.data.jpa.repository.query.JpaQueryLookupStrategy$CreateIfNotFoundQueryLookupStrategy.resolveQuery(JpaQueryLookupStrategy.java:214)
	at org.springframework.data.jpa.repository.query.JpaQueryLookupStrategy$AbstractQueryLookupStrategy.resolveQuery(JpaQueryLookupStrategy.java:77)
	at org.springframework.data.repository.core.support.RepositoryFactorySupport$QueryExecutorMethodInterceptor.<init>(RepositoryFactorySupport.java:435)
	at org.springframework.data.repository.core.support.RepositoryFactorySupport.getRepository(RepositoryFactorySupport.java:220)
	at org.springframework.data.repository.core.support.RepositoryFactoryBeanSupport.initAndReturn(RepositoryFactoryBeanSupport.java:266)
	at org.springframework.data.repository.core.support.RepositoryFactoryBeanSupport.afterPropertiesSet(RepositoryFactoryBeanSupport.java:252)
	at org.springframework.data.jpa.repository.support.JpaRepositoryFactoryBean.afterPropertiesSet(JpaRepositoryFactoryBean.java:92)
	at org.springframework.beans.factory.support.AbstractAutowireCapableBeanFactory.invokeInitMethods(AbstractAutowireCapableBeanFactory.java:1637)
	at org.springframework.beans.factory.support.AbstractAutowireCapableBeanFactory.initializeBean(AbstractAutowireCapableBeanFactory.java:1574)
	... 40 more
2018-03-13 12:47:18,519  INFO DefaultTestContextBootstrapper:259 - Loaded default TestExecutionListener class names from location [META-INF/spring.factories]: [org.springframework.test.context.web.ServletTestExecutionListener, org.springframework.test.context.support.DirtiesContextBeforeModesTestExecutionListener, org.springframework.test.context.support.DependencyInjectionTestExecutionListener, org.springframework.test.context.support.DirtiesContextTestExecutionListener, org.springframework.test.context.transaction.TransactionalTestExecutionListener, org.springframework.test.context.jdbc.SqlScriptsTestExecutionListener]
2018-03-13 12:47:18,535  INFO DefaultTestContextBootstrapper:185 - Using TestExecutionListeners: [org.springframework.test.context.web.ServletTestExecutionListener@1b3d448, org.springframework.test.context.support.DirtiesContextBeforeModesTestExecutionListener@135f92f, org.springframework.test.context.support.DependencyInjectionTestExecutionListener@7a8ba4, org.springframework.test.context.support.DirtiesContextTestExecutionListener@165de14, org.springframework.test.context.transaction.TransactionalTestExecutionListener@d73256, org.springframework.test.context.jdbc.SqlScriptsTestExecutionListener@29dbb8]
2018-03-13 12:47:18,951  INFO XmlBeanDefinitionReader:317 - Loading XML bean definitions from class path resource [applicationContext.xml]
2018-03-13 12:47:19,351  INFO GenericApplicationContext:578 - Refreshing org.springframework.context.support.GenericApplicationContext@1ae3050: startup date [Tue Mar 13 12:47:19 CST 2018]; root of context hierarchy
2018-03-13 12:47:19,451  INFO AutowiredAnnotationBeanPostProcessor:153 - JSR-330 'javax.inject.Inject' annotation found and supported for autowiring
2018-03-13 12:47:19,537  INFO MLog:80 - MLog clients using log4j logging.
2018-03-13 12:47:19,699  INFO C3P0Registry:204 - Initializing c3p0-0.9.1.2 [built 21-May-2007 15:04:56; debug? true; trace: 10]
2018-03-13 12:47:19,961  INFO LocalContainerEntityManagerFactoryBean:339 - Building JPA container EntityManagerFactory for persistence unit 'default'
2018-03-13 12:47:19,962  WARN HibernatePersistence:41 - HHH015016: Encountered a deprecated javax.persistence.spi.PersistenceProvider [org.hibernate.ejb.HibernatePersistence]; use [org.hibernate.jpa.HibernatePersistenceProvider] instead.
2018-03-13 12:47:19,974  INFO LogHelper:31 - HHH000204: Processing PersistenceUnitInfo [
	name: default
	...]
2018-03-13 12:47:20,157  INFO Version:37 - HHH000412: Hibernate Core {5.0.7.Final}
2018-03-13 12:47:20,161  INFO Environment:213 - HHH000206: hibernate.properties not found
2018-03-13 12:47:20,164  INFO Environment:317 - HHH000021: Bytecode provider name : javassist
2018-03-13 12:47:20,275  INFO Version:66 - HCANN000001: Hibernate Commons Annotations {5.0.1.Final}
2018-03-13 12:47:20,434  INFO AbstractPoolBackedDataSource:462 - Initializing c3p0 pool... com.mchange.v2.c3p0.ComboPooledDataSource [ acquireIncrement -> 3, acquireRetryAttempts -> 30, acquireRetryDelay -> 1000, autoCommitOnClose -> false, automaticTestTable -> null, breakAfterAcquireFailure -> false, checkoutTimeout -> 0, connectionCustomizerClassName -> null, connectionTesterClassName -> com.mchange.v2.c3p0.impl.DefaultConnectionTester, dataSourceName -> 1hgetxd9u88i87her97e2|6dd1d6, debugUnreturnedConnectionStackTraces -> false, description -> null, driverClass -> oracle.jdbc.driver.OracleDriver, factoryClassLocation -> null, forceIgnoreUnresolvedTransactions -> false, identityToken -> 1hgetxd9u88i87her97e2|6dd1d6, idleConnectionTestPeriod -> 0, initialPoolSize -> 3, jdbcUrl -> jdbc:oracle:thin:@192.168.146.145:1521:ORCL, maxAdministrativeTaskTime -> 0, maxConnectionAge -> 0, maxIdleTime -> 0, maxIdleTimeExcessConnections -> 0, maxPoolSize -> 15, maxStatements -> 0, maxStatementsPerConnection -> 0, minPoolSize -> 3, numHelperThreads -> 3, numThreadsAwaitingCheckoutDefaultUser -> 0, preferredTestQuery -> null, properties -> {user=******, password=******}, propertyCycle -> 0, testConnectionOnCheckin -> false, testConnectionOnCheckout -> false, unreturnedConnectionTimeout -> 0, usesTraditionalReflectiveProxies -> false ]
2018-03-13 12:47:20,612  INFO Dialect:156 - HHH000400: Using dialect: org.hibernate.dialect.Oracle10gDialect
2018-03-13 12:47:20,692  INFO LobCreatorBuilderImpl:124 - HHH000424: Disabling contextual LOB creation as createClob() method threw error : java.lang.reflect.InvocationTargetException
2018-03-13 12:47:21,445  INFO SchemaUpdate:105 - HHH000228: Running hbm2ddl schema update
2018-03-13 12:47:25,720  INFO QueryTranslatorFactoryInitiator:47 - HHH000397: Using ASTQueryTranslatorFactory
2018-03-13 12:47:25,789  WARN HqlSqlWalker:992 - [DEPRECATION] Encountered positional parameter near line 1, column 52 in HQL: [from com.imooc.bos.domain.base.Standard where name=? and maxWeight=?].  Positional parameter are considered deprecated; use named parameters or JPA-style positional parameters instead.
2018-03-13 12:47:25,790  WARN HqlSqlWalker:992 - [DEPRECATION] Encountered positional parameter near line 1, column 68 in HQL: [from com.imooc.bos.domain.base.Standard where name=? and maxWeight=?].  Positional parameter are considered deprecated; use named parameters or JPA-style positional parameters instead.
2018-03-13 12:47:25,988  INFO GenericApplicationContext:960 - Closing org.springframework.context.support.GenericApplicationContext@1ae3050: startup date [Tue Mar 13 12:47:19 CST 2018]; root of context hierarchy
2018-03-13 12:47:25,989  INFO LocalContainerEntityManagerFactoryBean:462 - Closing JPA EntityManagerFactory for persistence unit 'default'
2018-03-13 12:55:11,902  INFO DefaultTestContextBootstrapper:259 - Loaded default TestExecutionListener class names from location [META-INF/spring.factories]: [org.springframework.test.context.web.ServletTestExecutionListener, org.springframework.test.context.support.DirtiesContextBeforeModesTestExecutionListener, org.springframework.test.context.support.DependencyInjectionTestExecutionListener, org.springframework.test.context.support.DirtiesContextTestExecutionListener, org.springframework.test.context.transaction.TransactionalTestExecutionListener, org.springframework.test.context.jdbc.SqlScriptsTestExecutionListener]
2018-03-13 12:55:11,928  INFO DefaultTestContextBootstrapper:185 - Using TestExecutionListeners: [org.springframework.test.context.web.ServletTestExecutionListener@29dbb8, org.springframework.test.context.support.DirtiesContextBeforeModesTestExecutionListener@1827c9, org.springframework.test.context.support.DependencyInjectionTestExecutionListener@1dc11af, org.springframework.test.context.support.DirtiesContextTestExecutionListener@10d1e0b, org.springframework.test.context.transaction.TransactionalTestExecutionListener@2f6be5, org.springframework.test.context.jdbc.SqlScriptsTestExecutionListener@1549af8]
2018-03-13 12:55:12,331  INFO XmlBeanDefinitionReader:317 - Loading XML bean definitions from class path resource [applicationContext.xml]
2018-03-13 12:55:12,740  INFO GenericApplicationContext:578 - Refreshing org.springframework.context.support.GenericApplicationContext@12a3766: startup date [Tue Mar 13 12:55:12 CST 2018]; root of context hierarchy
2018-03-13 12:55:12,820  INFO AutowiredAnnotationBeanPostProcessor:153 - JSR-330 'javax.inject.Inject' annotation found and supported for autowiring
2018-03-13 12:55:12,927  INFO MLog:80 - MLog clients using log4j logging.
2018-03-13 12:55:13,088  INFO C3P0Registry:204 - Initializing c3p0-0.9.1.2 [built 21-May-2007 15:04:56; debug? true; trace: 10]
2018-03-13 12:55:13,241  INFO LocalContainerEntityManagerFactoryBean:339 - Building JPA container EntityManagerFactory for persistence unit 'default'
2018-03-13 12:55:13,241  WARN HibernatePersistence:41 - HHH015016: Encountered a deprecated javax.persistence.spi.PersistenceProvider [org.hibernate.ejb.HibernatePersistence]; use [org.hibernate.jpa.HibernatePersistenceProvider] instead.
2018-03-13 12:55:13,248  INFO LogHelper:31 - HHH000204: Processing PersistenceUnitInfo [
	name: default
	...]
2018-03-13 12:55:13,340  INFO Version:37 - HHH000412: Hibernate Core {5.0.7.Final}
2018-03-13 12:55:13,342  INFO Environment:213 - HHH000206: hibernate.properties not found
2018-03-13 12:55:13,343  INFO Environment:317 - HHH000021: Bytecode provider name : javassist
2018-03-13 12:55:13,398  INFO Version:66 - HCANN000001: Hibernate Commons Annotations {5.0.1.Final}
2018-03-13 12:55:13,549  INFO AbstractPoolBackedDataSource:462 - Initializing c3p0 pool... com.mchange.v2.c3p0.ComboPooledDataSource [ acquireIncrement -> 3, acquireRetryAttempts -> 30, acquireRetryDelay -> 1000, autoCommitOnClose -> false, automaticTestTable -> null, breakAfterAcquireFailure -> false, checkoutTimeout -> 0, connectionCustomizerClassName -> null, connectionTesterClassName -> com.mchange.v2.c3p0.impl.DefaultConnectionTester, dataSourceName -> 1hgetxd9u88sdh5t5jr81|40eb2a, debugUnreturnedConnectionStackTraces -> false, description -> null, driverClass -> oracle.jdbc.driver.OracleDriver, factoryClassLocation -> null, forceIgnoreUnresolvedTransactions -> false, identityToken -> 1hgetxd9u88sdh5t5jr81|40eb2a, idleConnectionTestPeriod -> 0, initialPoolSize -> 3, jdbcUrl -> jdbc:oracle:thin:@192.168.146.145:1521:ORCL, maxAdministrativeTaskTime -> 0, maxConnectionAge -> 0, maxIdleTime -> 0, maxIdleTimeExcessConnections -> 0, maxPoolSize -> 15, maxStatements -> 0, maxStatementsPerConnection -> 0, minPoolSize -> 3, numHelperThreads -> 3, numThreadsAwaitingCheckoutDefaultUser -> 0, preferredTestQuery -> null, properties -> {user=******, password=******}, propertyCycle -> 0, testConnectionOnCheckin -> false, testConnectionOnCheckout -> false, unreturnedConnectionTimeout -> 0, usesTraditionalReflectiveProxies -> false ]
2018-03-13 12:55:13,810  INFO Dialect:156 - HHH000400: Using dialect: org.hibernate.dialect.Oracle10gDialect
2018-03-13 12:55:14,020  INFO LobCreatorBuilderImpl:124 - HHH000424: Disabling contextual LOB creation as createClob() method threw error : java.lang.reflect.InvocationTargetException
2018-03-13 12:55:14,846  INFO SchemaUpdate:105 - HHH000228: Running hbm2ddl schema update
2018-03-13 12:55:18,786  INFO QueryTranslatorFactoryInitiator:47 - HHH000397: Using ASTQueryTranslatorFactory
2018-03-13 12:55:18,896  WARN HqlSqlWalker:992 - [DEPRECATION] Encountered positional parameter near line 1, column 54 in HQL: [from com.imooc.bos.domain.base.Standard where name = ? and maxWeight = ?].  Positional parameter are considered deprecated; use named parameters or JPA-style positional parameters instead.
2018-03-13 12:55:18,897  WARN HqlSqlWalker:992 - [DEPRECATION] Encountered positional parameter near line 1, column 72 in HQL: [from com.imooc.bos.domain.base.Standard where name = ? and maxWeight = ?].  Positional parameter are considered deprecated; use named parameters or JPA-style positional parameters instead.
2018-03-13 12:55:19,071  INFO GenericApplicationContext:960 - Closing org.springframework.context.support.GenericApplicationContext@12a3766: startup date [Tue Mar 13 12:55:12 CST 2018]; root of context hierarchy
2018-03-13 12:55:19,072  INFO LocalContainerEntityManagerFactoryBean:462 - Closing JPA EntityManagerFactory for persistence unit 'default'
2018-03-13 13:16:59,013  INFO DefaultTestContextBootstrapper:259 - Loaded default TestExecutionListener class names from location [META-INF/spring.factories]: [org.springframework.test.context.web.ServletTestExecutionListener, org.springframework.test.context.support.DirtiesContextBeforeModesTestExecutionListener, org.springframework.test.context.support.DependencyInjectionTestExecutionListener, org.springframework.test.context.support.DirtiesContextTestExecutionListener, org.springframework.test.context.transaction.TransactionalTestExecutionListener, org.springframework.test.context.jdbc.SqlScriptsTestExecutionListener]
2018-03-13 13:16:59,029  INFO DefaultTestContextBootstrapper:185 - Using TestExecutionListeners: [org.springframework.test.context.web.ServletTestExecutionListener@2f6be5, org.springframework.test.context.support.DirtiesContextBeforeModesTestExecutionListener@1549af8, org.springframework.test.context.support.DependencyInjectionTestExecutionListener@18a4aef, org.springframework.test.context.support.DirtiesContextTestExecutionListener@3dad65, org.springframework.test.context.transaction.TransactionalTestExecutionListener@142ef25, org.springframework.test.context.jdbc.SqlScriptsTestExecutionListener@1628381]
2018-03-13 13:16:59,467  INFO XmlBeanDefinitionReader:317 - Loading XML bean definitions from class path resource [applicationContext.xml]
2018-03-13 13:16:59,874  INFO GenericApplicationContext:578 - Refreshing org.springframework.context.support.GenericApplicationContext@14b8cdc: startup date [Tue Mar 13 13:16:59 CST 2018]; root of context hierarchy
2018-03-13 13:16:59,946  INFO AutowiredAnnotationBeanPostProcessor:153 - JSR-330 'javax.inject.Inject' annotation found and supported for autowiring
2018-03-13 13:17:00,015  INFO MLog:80 - MLog clients using log4j logging.
2018-03-13 13:17:00,164  INFO C3P0Registry:204 - Initializing c3p0-0.9.1.2 [built 21-May-2007 15:04:56; debug? true; trace: 10]
2018-03-13 13:17:00,321  INFO LocalContainerEntityManagerFactoryBean:339 - Building JPA container EntityManagerFactory for persistence unit 'default'
2018-03-13 13:17:00,321  WARN HibernatePersistence:41 - HHH015016: Encountered a deprecated javax.persistence.spi.PersistenceProvider [org.hibernate.ejb.HibernatePersistence]; use [org.hibernate.jpa.HibernatePersistenceProvider] instead.
2018-03-13 13:17:00,328  INFO LogHelper:31 - HHH000204: Processing PersistenceUnitInfo [
	name: default
	...]
2018-03-13 13:17:00,531  INFO Version:37 - HHH000412: Hibernate Core {5.0.7.Final}
2018-03-13 13:17:00,536  INFO Environment:213 - HHH000206: hibernate.properties not found
2018-03-13 13:17:00,540  INFO Environment:317 - HHH000021: Bytecode provider name : javassist
2018-03-13 13:17:00,652  INFO Version:66 - HCANN000001: Hibernate Commons Annotations {5.0.1.Final}
2018-03-13 13:17:00,794  INFO AbstractPoolBackedDataSource:462 - Initializing c3p0 pool... com.mchange.v2.c3p0.ComboPooledDataSource [ acquireIncrement -> 3, acquireRetryAttempts -> 30, acquireRetryDelay -> 1000, autoCommitOnClose -> false, automaticTestTable -> null, breakAfterAcquireFailure -> false, checkoutTimeout -> 0, connectionCustomizerClassName -> null, connectionTesterClassName -> com.mchange.v2.c3p0.impl.DefaultConnectionTester, dataSourceName -> 1hgetxd9u89ke15wwvfel|185ded7, debugUnreturnedConnectionStackTraces -> false, description -> null, driverClass -> oracle.jdbc.driver.OracleDriver, factoryClassLocation -> null, forceIgnoreUnresolvedTransactions -> false, identityToken -> 1hgetxd9u89ke15wwvfel|185ded7, idleConnectionTestPeriod -> 0, initialPoolSize -> 3, jdbcUrl -> jdbc:oracle:thin:@192.168.146.145:1521:ORCL, maxAdministrativeTaskTime -> 0, maxConnectionAge -> 0, maxIdleTime -> 0, maxIdleTimeExcessConnections -> 0, maxPoolSize -> 15, maxStatements -> 0, maxStatementsPerConnection -> 0, minPoolSize -> 3, numHelperThreads -> 3, numThreadsAwaitingCheckoutDefaultUser -> 0, preferredTestQuery -> null, properties -> {user=******, password=******}, propertyCycle -> 0, testConnectionOnCheckin -> false, testConnectionOnCheckout -> false, unreturnedConnectionTimeout -> 0, usesTraditionalReflectiveProxies -> false ]
2018-03-13 13:17:01,049  INFO Dialect:156 - HHH000400: Using dialect: org.hibernate.dialect.Oracle10gDialect
2018-03-13 13:17:01,261  INFO LobCreatorBuilderImpl:124 - HHH000424: Disabling contextual LOB creation as createClob() method threw error : java.lang.reflect.InvocationTargetException
2018-03-13 13:17:01,931  INFO SchemaUpdate:105 - HHH000228: Running hbm2ddl schema update
2018-03-13 13:17:06,306  INFO QueryTranslatorFactoryInitiator:47 - HHH000397: Using ASTQueryTranslatorFactory
2018-03-13 13:17:06,369  WARN HqlSqlWalker:992 - [DEPRECATION] Encountered positional parameter near line 1, column 54 in HQL: [from com.imooc.bos.domain.base.Standard where name = ? and maxWeight = ?].  Positional parameter are considered deprecated; use named parameters or JPA-style positional parameters instead.
2018-03-13 13:17:06,370  WARN HqlSqlWalker:992 - [DEPRECATION] Encountered positional parameter near line 1, column 72 in HQL: [from com.imooc.bos.domain.base.Standard where name = ? and maxWeight = ?].  Positional parameter are considered deprecated; use named parameters or JPA-style positional parameters instead.
2018-03-13 13:17:06,519  INFO GenericApplicationContext:960 - Closing org.springframework.context.support.GenericApplicationContext@14b8cdc: startup date [Tue Mar 13 13:16:59 CST 2018]; root of context hierarchy
2018-03-13 13:17:06,521  INFO LocalContainerEntityManagerFactoryBean:462 - Closing JPA EntityManagerFactory for persistence unit 'default'
2018-03-13 13:25:40,514  INFO DefaultTestContextBootstrapper:259 - Loaded default TestExecutionListener class names from location [META-INF/spring.factories]: [org.springframework.test.context.web.ServletTestExecutionListener, org.springframework.test.context.support.DirtiesContextBeforeModesTestExecutionListener, org.springframework.test.context.support.DependencyInjectionTestExecutionListener, org.springframework.test.context.support.DirtiesContextTestExecutionListener, org.springframework.test.context.transaction.TransactionalTestExecutionListener, org.springframework.test.context.jdbc.SqlScriptsTestExecutionListener]
2018-03-13 13:25:40,531  INFO DefaultTestContextBootstrapper:185 - Using TestExecutionListeners: [org.springframework.test.context.web.ServletTestExecutionListener@120f0be, org.springframework.test.context.support.DirtiesContextBeforeModesTestExecutionListener@19d4a86, org.springframework.test.context.support.DependencyInjectionTestExecutionListener@187b08d, org.springframework.test.context.support.DirtiesContextTestExecutionListener@1580c3a, org.springframework.test.context.transaction.TransactionalTestExecutionListener@18aecf1, org.springframework.test.context.jdbc.SqlScriptsTestExecutionListener@1ca029b]
2018-03-13 13:25:41,061  INFO XmlBeanDefinitionReader:317 - Loading XML bean definitions from class path resource [applicationContext.xml]
2018-03-13 13:25:41,598  INFO GenericApplicationContext:578 - Refreshing org.springframework.context.support.GenericApplicationContext@14dba7f: startup date [Tue Mar 13 13:25:41 CST 2018]; root of context hierarchy
2018-03-13 13:25:41,686  INFO AutowiredAnnotationBeanPostProcessor:153 - JSR-330 'javax.inject.Inject' annotation found and supported for autowiring
2018-03-13 13:25:41,752  INFO MLog:80 - MLog clients using log4j logging.
2018-03-13 13:25:41,899  INFO C3P0Registry:204 - Initializing c3p0-0.9.1.2 [built 21-May-2007 15:04:56; debug? true; trace: 10]
2018-03-13 13:25:42,040  INFO LocalContainerEntityManagerFactoryBean:339 - Building JPA container EntityManagerFactory for persistence unit 'default'
2018-03-13 13:25:42,041  WARN HibernatePersistence:41 - HHH015016: Encountered a deprecated javax.persistence.spi.PersistenceProvider [org.hibernate.ejb.HibernatePersistence]; use [org.hibernate.jpa.HibernatePersistenceProvider] instead.
2018-03-13 13:25:42,049  INFO LogHelper:31 - HHH000204: Processing PersistenceUnitInfo [
	name: default
	...]
2018-03-13 13:25:42,142  INFO Version:37 - HHH000412: Hibernate Core {5.0.7.Final}
2018-03-13 13:25:42,144  INFO Environment:213 - HHH000206: hibernate.properties not found
2018-03-13 13:25:42,146  INFO Environment:317 - HHH000021: Bytecode provider name : javassist
2018-03-13 13:25:42,224  INFO Version:66 - HCANN000001: Hibernate Commons Annotations {5.0.1.Final}
2018-03-13 13:25:42,464  INFO AbstractPoolBackedDataSource:462 - Initializing c3p0 pool... com.mchange.v2.c3p0.ComboPooledDataSource [ acquireIncrement -> 3, acquireRetryAttempts -> 30, acquireRetryDelay -> 1000, autoCommitOnClose -> false, automaticTestTable -> null, breakAfterAcquireFailure -> false, checkoutTimeout -> 0, connectionCustomizerClassName -> null, connectionTesterClassName -> com.mchange.v2.c3p0.impl.DefaultConnectionTester, dataSourceName -> 1hgetxd9u89vklw1iug7q5|b9a306, debugUnreturnedConnectionStackTraces -> false, description -> null, driverClass -> oracle.jdbc.driver.OracleDriver, factoryClassLocation -> null, forceIgnoreUnresolvedTransactions -> false, identityToken -> 1hgetxd9u89vklw1iug7q5|b9a306, idleConnectionTestPeriod -> 0, initialPoolSize -> 3, jdbcUrl -> jdbc:oracle:thin:@192.168.146.145:1521:ORCL, maxAdministrativeTaskTime -> 0, maxConnectionAge -> 0, maxIdleTime -> 0, maxIdleTimeExcessConnections -> 0, maxPoolSize -> 15, maxStatements -> 0, maxStatementsPerConnection -> 0, minPoolSize -> 3, numHelperThreads -> 3, numThreadsAwaitingCheckoutDefaultUser -> 0, preferredTestQuery -> null, properties -> {user=******, password=******}, propertyCycle -> 0, testConnectionOnCheckin -> false, testConnectionOnCheckout -> false, unreturnedConnectionTimeout -> 0, usesTraditionalReflectiveProxies -> false ]
2018-03-13 13:25:42,782  INFO Dialect:156 - HHH000400: Using dialect: org.hibernate.dialect.Oracle10gDialect
2018-03-13 13:25:42,971  INFO LobCreatorBuilderImpl:124 - HHH000424: Disabling contextual LOB creation as createClob() method threw error : java.lang.reflect.InvocationTargetException
2018-03-13 13:25:43,780  INFO SchemaUpdate:105 - HHH000228: Running hbm2ddl schema update
2018-03-13 13:25:47,147  INFO QueryTranslatorFactoryInitiator:47 - HHH000397: Using ASTQueryTranslatorFactory
2018-03-13 13:25:47,296  WARN HqlSqlWalker:992 - [DEPRECATION] Encountered positional parameter near line 1, column 61 in HQL: [delete from com.imooc.bos.domain.base.Standard where name = ?].  Positional parameter are considered deprecated; use named parameters or JPA-style positional parameters instead.
2018-03-13 13:25:47,326  WARN HqlSqlWalker:992 - [DEPRECATION] Encountered positional parameter near line 1, column 59 in HQL: [update com.imooc.bos.domain.base.Standard set maxWeight = ? where name = ?].  Positional parameter are considered deprecated; use named parameters or JPA-style positional parameters instead.
2018-03-13 13:25:47,326  WARN HqlSqlWalker:992 - [DEPRECATION] Encountered positional parameter near line 1, column 74 in HQL: [update com.imooc.bos.domain.base.Standard set maxWeight = ? where name = ?].  Positional parameter are considered deprecated; use named parameters or JPA-style positional parameters instead.
2018-03-13 13:25:47,349  WARN HqlSqlWalker:992 - [DEPRECATION] Encountered positional parameter near line 1, column 54 in HQL: [from com.imooc.bos.domain.base.Standard where name = ? and maxWeight = ?].  Positional parameter are considered deprecated; use named parameters or JPA-style positional parameters instead.
2018-03-13 13:25:47,350  WARN HqlSqlWalker:992 - [DEPRECATION] Encountered positional parameter near line 1, column 72 in HQL: [from com.imooc.bos.domain.base.Standard where name = ? and maxWeight = ?].  Positional parameter are considered deprecated; use named parameters or JPA-style positional parameters instead.
2018-03-13 13:25:47,483  INFO GenericApplicationContext:960 - Closing org.springframework.context.support.GenericApplicationContext@14dba7f: startup date [Tue Mar 13 13:25:41 CST 2018]; root of context hierarchy
2018-03-13 13:25:47,485  INFO LocalContainerEntityManagerFactoryBean:462 - Closing JPA EntityManagerFactory for persistence unit 'default'
